{"level":"error","message":"Authentication error: jwt expired","timestamp":"2025-07-29T12:27:09.244Z"}
{"level":"error","message":"Authentication error: jwt expired","timestamp":"2025-07-29T12:27:09.253Z"}
{"level":"error","timestamp":"2025-07-29T12:27:12.858Z"}
{"level":"error","timestamp":"2025-07-29T12:27:13.133Z"}
{"level":"error","timestamp":"2025-07-29T12:27:17.214Z"}
{"level":"error","timestamp":"2025-07-29T12:27:17.383Z"}
{"level":"error","timestamp":"2025-07-29T12:27:19.515Z"}
{"level":"error","timestamp":"2025-07-29T12:27:19.638Z"}
{"level":"error","message":"Authentication error: jwt expired","timestamp":"2025-07-29T12:27:29.599Z"}
{"level":"error","message":"Authentication error: jwt expired","timestamp":"2025-07-29T12:27:29.606Z"}
{"level":"error","timestamp":"2025-07-29T12:27:41.478Z"}
{"level":"error","timestamp":"2025-07-29T12:27:41.648Z"}
{"level":"error","message":"Send message error: null value in column \"receiver_id\" of relation \"messages\" violates not-null constraint","timestamp":"2025-07-29T12:36:20.844Z"}
{"level":"error","timestamp":"2025-07-29T12:36:20.847Z"}
{"level":"error","message":"Send message error: null value in column \"receiver_id\" of relation \"messages\" violates not-null constraint","timestamp":"2025-07-29T12:36:32.518Z"}
{"level":"error","timestamp":"2025-07-29T12:36:32.520Z"}
{"level":"error","message":"Send message error: null value in column \"receiver_id\" of relation \"messages\" violates not-null constraint","timestamp":"2025-07-29T12:45:51.084Z"}
{"level":"error","timestamp":"2025-07-29T12:45:51.088Z"}
{"level":"error","message":"Send message error: null value in column \"receiver_id\" of relation \"messages\" violates not-null constraint","timestamp":"2025-07-29T12:48:39.090Z"}
{"level":"error","timestamp":"2025-07-29T12:48:39.096Z"}
{"level":"error","message":"Send message error: null value in column \"receiver_id\" of relation \"messages\" violates not-null constraint","timestamp":"2025-07-29T12:48:48.520Z"}
{"level":"error","timestamp":"2025-07-29T12:48:48.523Z"}
{"level":"error","message":"Send message error: null value in column \"receiver_id\" of relation \"messages\" violates not-null constraint","timestamp":"2025-07-29T12:53:40.850Z"}
{"level":"error","timestamp":"2025-07-29T12:53:40.852Z"}
{"level":"error","message":"Send message error: null value in column \"receiver_id\" of relation \"messages\" violates not-null constraint","timestamp":"2025-07-29T13:05:51.164Z"}
{"level":"error","timestamp":"2025-07-29T13:05:51.167Z"}
{"level":"error","message":"Send message error: null value in column \"receiver_id\" of relation \"messages\" violates not-null constraint","timestamp":"2025-07-29T13:08:08.396Z"}
{"level":"error","timestamp":"2025-07-29T13:08:08.398Z"}
{"level":"error","message":"Send message error: null value in column \"receiver_id\" of relation \"messages\" violates not-null constraint","timestamp":"2025-07-29T13:15:40.822Z"}
{"level":"error","timestamp":"2025-07-29T13:15:40.823Z"}
{"level":"error","message":"Send message error: null value in column \"receiver_id\" of relation \"messages\" violates not-null constraint","timestamp":"2025-07-29T13:16:01.606Z"}
{"level":"error","timestamp":"2025-07-29T13:16:01.609Z"}
{"level":"error","message":"Send message error: null value in column \"receiver_id\" of relation \"messages\" violates not-null constraint","timestamp":"2025-07-29T13:18:33.877Z"}
{"level":"error","timestamp":"2025-07-29T13:18:33.877Z"}
{"level":"error","message":"Send message error: null value in column \"receiver_id\" of relation \"messages\" violates not-null constraint","timestamp":"2025-07-29T13:18:39.205Z"}
{"level":"error","timestamp":"2025-07-29T13:18:39.207Z"}
{"level":"error","message":"Get messages error: column messages.created_at does not exist","timestamp":"2025-07-29T13:37:22.826Z"}
{"level":"error","timestamp":"2025-07-29T13:37:22.827Z"}
{"level":"error","message":"Get messages error: column messages.created_at does not exist","timestamp":"2025-07-29T13:37:22.886Z"}
{"level":"error","timestamp":"2025-07-29T13:37:22.887Z"}
{"level":"error","message":"Get messages error: column messages.created_at does not exist","timestamp":"2025-07-29T13:37:25.840Z"}
{"level":"error","timestamp":"2025-07-29T13:37:25.846Z"}
{"level":"error","message":"Get messages error: column messages.created_at does not exist","timestamp":"2025-07-29T13:37:25.934Z"}
{"level":"error","timestamp":"2025-07-29T13:37:25.935Z"}
{"level":"error","message":"Get messages error: column messages.created_at does not exist","timestamp":"2025-07-29T13:37:38.429Z"}
{"level":"error","timestamp":"2025-07-29T13:37:38.430Z"}
{"level":"error","message":"Get messages error: column messages.created_at does not exist","timestamp":"2025-07-29T13:37:38.519Z"}
{"level":"error","timestamp":"2025-07-29T13:37:38.520Z"}
{"level":"error","message":"Get messages error: column messages.created_at does not exist","timestamp":"2025-07-29T13:37:52.328Z"}
{"level":"error","timestamp":"2025-07-29T13:37:52.330Z"}
{"level":"error","message":"Get messages error: column messages.created_at does not exist","timestamp":"2025-07-29T13:37:52.441Z"}
{"level":"error","timestamp":"2025-07-29T13:37:52.442Z"}
{"level":"error","message":"Send message error: null value in column \"receiver_id\" of relation \"messages\" violates not-null constraint","timestamp":"2025-07-29T13:40:16.948Z"}
{"level":"error","timestamp":"2025-07-29T13:40:16.952Z"}
{"level":"error","message":"Send message error: null value in column \"receiver_id\" of relation \"messages\" violates not-null constraint","timestamp":"2025-07-29T13:40:25.016Z"}
{"level":"error","timestamp":"2025-07-29T13:40:25.019Z"}
{"level":"error","message":"Send message error: null value in column \"receiver_id\" of relation \"messages\" violates not-null constraint","timestamp":"2025-07-29T13:41:00.036Z"}
{"level":"error","timestamp":"2025-07-29T13:41:00.037Z"}
{"level":"error","message":"Send message error: null value in column \"receiver_id\" of relation \"messages\" violates not-null constraint","timestamp":"2025-07-29T13:42:21.035Z"}
{"level":"error","timestamp":"2025-07-29T13:42:21.036Z"}
{"level":"error","message":"Send message error: null value in column \"receiver_id\" of relation \"messages\" violates not-null constraint","timestamp":"2025-07-29T13:42:31.739Z"}
{"level":"error","timestamp":"2025-07-29T13:42:31.740Z"}
{"level":"error","message":"Send message error: null value in column \"receiver_id\" of relation \"messages\" violates not-null constraint","timestamp":"2025-07-29T13:42:38.252Z"}
{"level":"error","timestamp":"2025-07-29T13:42:38.254Z"}
{"level":"error","message":"Send message error: null value in column \"receiver_id\" of relation \"messages\" violates not-null constraint","timestamp":"2025-07-29T13:42:55.224Z"}
{"level":"error","timestamp":"2025-07-29T13:42:55.226Z"}
{"level":"error","message":"Send message error: null value in column \"receiver_id\" of relation \"messages\" violates not-null constraint","timestamp":"2025-07-29T13:42:58.311Z"}
{"level":"error","timestamp":"2025-07-29T13:42:58.314Z"}
{"level":"error","message":"Send message error: null value in column \"receiver_id\" of relation \"messages\" violates not-null constraint","timestamp":"2025-07-29T13:43:13.777Z"}
{"level":"error","timestamp":"2025-07-29T13:43:13.777Z"}
{"level":"error","message":"Send message error: null value in column \"receiver_id\" of relation \"messages\" violates not-null constraint","timestamp":"2025-07-29T13:43:36.634Z"}
{"level":"error","timestamp":"2025-07-29T13:43:36.637Z"}
{"level":"error","message":"Send message error: null value in column \"receiver_id\" of relation \"messages\" violates not-null constraint","timestamp":"2025-07-29T13:44:02.710Z"}
{"level":"error","timestamp":"2025-07-29T13:44:02.712Z"}
{"level":"error","message":"Send message error: null value in column \"receiver_id\" of relation \"messages\" violates not-null constraint","timestamp":"2025-07-29T13:44:36.890Z"}
{"level":"error","timestamp":"2025-07-29T13:44:36.892Z"}
{"level":"error","message":"TypeError: Message.getConversation is not a function\n    at exports.getMessages (C:\\UrviProject\\chat-app\\backend\\controllers\\chatController.js:5:36)\n    at Layer.handleRequest (C:\\UrviProject\\chat-app\\backend\\node_modules\\router\\lib\\layer.js:152:17)\n    at next (C:\\UrviProject\\chat-app\\backend\\node_modules\\router\\lib\\route.js:157:13)\n    at authenticate (C:\\UrviProject\\chat-app\\backend\\middleware\\auth.js:14:5)\n    at Layer.handleRequest (C:\\UrviProject\\chat-app\\backend\\node_modules\\router\\lib\\layer.js:152:17)\n    at next (C:\\UrviProject\\chat-app\\backend\\node_modules\\router\\lib\\route.js:157:13)\n    at Route.dispatch (C:\\UrviProject\\chat-app\\backend\\node_modules\\router\\lib\\route.js:117:3)\n    at handle (C:\\UrviProject\\chat-app\\backend\\node_modules\\router\\index.js:435:11)\n    at Layer.handleRequest (C:\\UrviProject\\chat-app\\backend\\node_modules\\router\\lib\\layer.js:152:17)\n    at C:\\UrviProject\\chat-app\\backend\\node_modules\\router\\index.js:295:15","timestamp":"2025-07-29T18:57:00.123Z"}
{"level":"error","message":"TypeError: Message.getConversation is not a function\n    at exports.getMessages (C:\\UrviProject\\chat-app\\backend\\controllers\\chatController.js:5:36)\n    at Layer.handleRequest (C:\\UrviProject\\chat-app\\backend\\node_modules\\router\\lib\\layer.js:152:17)\n    at next (C:\\UrviProject\\chat-app\\backend\\node_modules\\router\\lib\\route.js:157:13)\n    at authenticate (C:\\UrviProject\\chat-app\\backend\\middleware\\auth.js:14:5)\n    at Layer.handleRequest (C:\\UrviProject\\chat-app\\backend\\node_modules\\router\\lib\\layer.js:152:17)\n    at next (C:\\UrviProject\\chat-app\\backend\\node_modules\\router\\lib\\route.js:157:13)\n    at Route.dispatch (C:\\UrviProject\\chat-app\\backend\\node_modules\\router\\lib\\route.js:117:3)\n    at handle (C:\\UrviProject\\chat-app\\backend\\node_modules\\router\\index.js:435:11)\n    at Layer.handleRequest (C:\\UrviProject\\chat-app\\backend\\node_modules\\router\\lib\\layer.js:152:17)\n    at C:\\UrviProject\\chat-app\\backend\\node_modules\\router\\index.js:295:15","timestamp":"2025-07-29T18:57:00.224Z"}
{"level":"error","message":"TypeError: Message.getConversation is not a function\n    at exports.getMessages (C:\\UrviProject\\chat-app\\backend\\controllers\\chatController.js:5:36)\n    at Layer.handleRequest (C:\\UrviProject\\chat-app\\backend\\node_modules\\router\\lib\\layer.js:152:17)\n    at next (C:\\UrviProject\\chat-app\\backend\\node_modules\\router\\lib\\route.js:157:13)\n    at authenticate (C:\\UrviProject\\chat-app\\backend\\middleware\\auth.js:14:5)\n    at Layer.handleRequest (C:\\UrviProject\\chat-app\\backend\\node_modules\\router\\lib\\layer.js:152:17)\n    at next (C:\\UrviProject\\chat-app\\backend\\node_modules\\router\\lib\\route.js:157:13)\n    at Route.dispatch (C:\\UrviProject\\chat-app\\backend\\node_modules\\router\\lib\\route.js:117:3)\n    at handle (C:\\UrviProject\\chat-app\\backend\\node_modules\\router\\index.js:435:11)\n    at Layer.handleRequest (C:\\UrviProject\\chat-app\\backend\\node_modules\\router\\lib\\layer.js:152:17)\n    at C:\\UrviProject\\chat-app\\backend\\node_modules\\router\\index.js:295:15","timestamp":"2025-07-29T18:57:03.537Z"}
{"level":"error","message":"TypeError: Message.getConversation is not a function\n    at exports.getMessages (C:\\UrviProject\\chat-app\\backend\\controllers\\chatController.js:5:36)\n    at Layer.handleRequest (C:\\UrviProject\\chat-app\\backend\\node_modules\\router\\lib\\layer.js:152:17)\n    at next (C:\\UrviProject\\chat-app\\backend\\node_modules\\router\\lib\\route.js:157:13)\n    at authenticate (C:\\UrviProject\\chat-app\\backend\\middleware\\auth.js:14:5)\n    at Layer.handleRequest (C:\\UrviProject\\chat-app\\backend\\node_modules\\router\\lib\\layer.js:152:17)\n    at next (C:\\UrviProject\\chat-app\\backend\\node_modules\\router\\lib\\route.js:157:13)\n    at Route.dispatch (C:\\UrviProject\\chat-app\\backend\\node_modules\\router\\lib\\route.js:117:3)\n    at handle (C:\\UrviProject\\chat-app\\backend\\node_modules\\router\\index.js:435:11)\n    at Layer.handleRequest (C:\\UrviProject\\chat-app\\backend\\node_modules\\router\\lib\\layer.js:152:17)\n    at C:\\UrviProject\\chat-app\\backend\\node_modules\\router\\index.js:295:15","timestamp":"2025-07-29T18:57:04.438Z"}
{"level":"error","message":"TypeError: Message.getConversation is not a function\n    at exports.getMessages (C:\\UrviProject\\chat-app\\backend\\controllers\\chatController.js:5:36)\n    at Layer.handleRequest (C:\\UrviProject\\chat-app\\backend\\node_modules\\router\\lib\\layer.js:152:17)\n    at next (C:\\UrviProject\\chat-app\\backend\\node_modules\\router\\lib\\route.js:157:13)\n    at authenticate (C:\\UrviProject\\chat-app\\backend\\middleware\\auth.js:14:5)\n    at Layer.handleRequest (C:\\UrviProject\\chat-app\\backend\\node_modules\\router\\lib\\layer.js:152:17)\n    at next (C:\\UrviProject\\chat-app\\backend\\node_modules\\router\\lib\\route.js:157:13)\n    at Route.dispatch (C:\\UrviProject\\chat-app\\backend\\node_modules\\router\\lib\\route.js:117:3)\n    at handle (C:\\UrviProject\\chat-app\\backend\\node_modules\\router\\index.js:435:11)\n    at Layer.handleRequest (C:\\UrviProject\\chat-app\\backend\\node_modules\\router\\lib\\layer.js:152:17)\n    at C:\\UrviProject\\chat-app\\backend\\node_modules\\router\\index.js:295:15","timestamp":"2025-07-29T18:57:05.091Z"}
{"level":"error","message":"TypeError: Message.getConversation is not a function\n    at exports.getMessages (C:\\UrviProject\\chat-app\\backend\\controllers\\chatController.js:5:36)\n    at Layer.handleRequest (C:\\UrviProject\\chat-app\\backend\\node_modules\\router\\lib\\layer.js:152:17)\n    at next (C:\\UrviProject\\chat-app\\backend\\node_modules\\router\\lib\\route.js:157:13)\n    at authenticate (C:\\UrviProject\\chat-app\\backend\\middleware\\auth.js:14:5)\n    at Layer.handleRequest (C:\\UrviProject\\chat-app\\backend\\node_modules\\router\\lib\\layer.js:152:17)\n    at next (C:\\UrviProject\\chat-app\\backend\\node_modules\\router\\lib\\route.js:157:13)\n    at Route.dispatch (C:\\UrviProject\\chat-app\\backend\\node_modules\\router\\lib\\route.js:117:3)\n    at handle (C:\\UrviProject\\chat-app\\backend\\node_modules\\router\\index.js:435:11)\n    at Layer.handleRequest (C:\\UrviProject\\chat-app\\backend\\node_modules\\router\\lib\\layer.js:152:17)\n    at C:\\UrviProject\\chat-app\\backend\\node_modules\\router\\index.js:295:15","timestamp":"2025-07-29T18:57:27.828Z"}
{"level":"error","message":"TypeError: Message.getConversation is not a function\n    at exports.getMessages (C:\\UrviProject\\chat-app\\backend\\controllers\\chatController.js:5:36)\n    at Layer.handleRequest (C:\\UrviProject\\chat-app\\backend\\node_modules\\router\\lib\\layer.js:152:17)\n    at next (C:\\UrviProject\\chat-app\\backend\\node_modules\\router\\lib\\route.js:157:13)\n    at authenticate (C:\\UrviProject\\chat-app\\backend\\middleware\\auth.js:14:5)\n    at Layer.handleRequest (C:\\UrviProject\\chat-app\\backend\\node_modules\\router\\lib\\layer.js:152:17)\n    at next (C:\\UrviProject\\chat-app\\backend\\node_modules\\router\\lib\\route.js:157:13)\n    at Route.dispatch (C:\\UrviProject\\chat-app\\backend\\node_modules\\router\\lib\\route.js:117:3)\n    at handle (C:\\UrviProject\\chat-app\\backend\\node_modules\\router\\index.js:435:11)\n    at Layer.handleRequest (C:\\UrviProject\\chat-app\\backend\\node_modules\\router\\lib\\layer.js:152:17)\n    at C:\\UrviProject\\chat-app\\backend\\node_modules\\router\\index.js:295:15","timestamp":"2025-07-29T18:57:27.891Z"}
{"level":"error","message":"TypeError: Message.getConversation is not a function\n    at exports.getMessages (C:\\UrviProject\\chat-app\\backend\\controllers\\chatController.js:5:36)\n    at Layer.handleRequest (C:\\UrviProject\\chat-app\\backend\\node_modules\\router\\lib\\layer.js:152:17)\n    at next (C:\\UrviProject\\chat-app\\backend\\node_modules\\router\\lib\\route.js:157:13)\n    at authenticate (C:\\UrviProject\\chat-app\\backend\\middleware\\auth.js:14:5)\n    at Layer.handleRequest (C:\\UrviProject\\chat-app\\backend\\node_modules\\router\\lib\\layer.js:152:17)\n    at next (C:\\UrviProject\\chat-app\\backend\\node_modules\\router\\lib\\route.js:157:13)\n    at Route.dispatch (C:\\UrviProject\\chat-app\\backend\\node_modules\\router\\lib\\route.js:117:3)\n    at handle (C:\\UrviProject\\chat-app\\backend\\node_modules\\router\\index.js:435:11)\n    at Layer.handleRequest (C:\\UrviProject\\chat-app\\backend\\node_modules\\router\\lib\\layer.js:152:17)\n    at C:\\UrviProject\\chat-app\\backend\\node_modules\\router\\index.js:295:15","timestamp":"2025-07-29T18:57:30.617Z"}
{"level":"error","message":"TypeError: Message.getConversation is not a function\n    at exports.getMessages (C:\\UrviProject\\chat-app\\backend\\controllers\\chatController.js:5:36)\n    at Layer.handleRequest (C:\\UrviProject\\chat-app\\backend\\node_modules\\router\\lib\\layer.js:152:17)\n    at next (C:\\UrviProject\\chat-app\\backend\\node_modules\\router\\lib\\route.js:157:13)\n    at authenticate (C:\\UrviProject\\chat-app\\backend\\middleware\\auth.js:14:5)\n    at Layer.handleRequest (C:\\UrviProject\\chat-app\\backend\\node_modules\\router\\lib\\layer.js:152:17)\n    at next (C:\\UrviProject\\chat-app\\backend\\node_modules\\router\\lib\\route.js:157:13)\n    at Route.dispatch (C:\\UrviProject\\chat-app\\backend\\node_modules\\router\\lib\\route.js:117:3)\n    at handle (C:\\UrviProject\\chat-app\\backend\\node_modules\\router\\index.js:435:11)\n    at Layer.handleRequest (C:\\UrviProject\\chat-app\\backend\\node_modules\\router\\lib\\layer.js:152:17)\n    at C:\\UrviProject\\chat-app\\backend\\node_modules\\router\\index.js:295:15","timestamp":"2025-07-29T18:57:47.353Z"}
{"level":"error","message":"TypeError: Message.getConversation is not a function\n    at exports.getMessages (C:\\UrviProject\\chat-app\\backend\\controllers\\chatController.js:5:36)\n    at Layer.handleRequest (C:\\UrviProject\\chat-app\\backend\\node_modules\\router\\lib\\layer.js:152:17)\n    at next (C:\\UrviProject\\chat-app\\backend\\node_modules\\router\\lib\\route.js:157:13)\n    at authenticate (C:\\UrviProject\\chat-app\\backend\\middleware\\auth.js:14:5)\n    at Layer.handleRequest (C:\\UrviProject\\chat-app\\backend\\node_modules\\router\\lib\\layer.js:152:17)\n    at next (C:\\UrviProject\\chat-app\\backend\\node_modules\\router\\lib\\route.js:157:13)\n    at Route.dispatch (C:\\UrviProject\\chat-app\\backend\\node_modules\\router\\lib\\route.js:117:3)\n    at handle (C:\\UrviProject\\chat-app\\backend\\node_modules\\router\\index.js:435:11)\n    at Layer.handleRequest (C:\\UrviProject\\chat-app\\backend\\node_modules\\router\\lib\\layer.js:152:17)\n    at C:\\UrviProject\\chat-app\\backend\\node_modules\\router\\index.js:295:15","timestamp":"2025-07-29T18:57:47.554Z"}
{"level":"error","message":"TypeError: Message.getConversation is not a function\n    at exports.getMessages (C:\\UrviProject\\chat-app\\backend\\controllers\\chatController.js:5:36)\n    at Layer.handleRequest (C:\\UrviProject\\chat-app\\backend\\node_modules\\router\\lib\\layer.js:152:17)\n    at next (C:\\UrviProject\\chat-app\\backend\\node_modules\\router\\lib\\route.js:157:13)\n    at authenticate (C:\\UrviProject\\chat-app\\backend\\middleware\\auth.js:14:5)\n    at Layer.handleRequest (C:\\UrviProject\\chat-app\\backend\\node_modules\\router\\lib\\layer.js:152:17)\n    at next (C:\\UrviProject\\chat-app\\backend\\node_modules\\router\\lib\\route.js:157:13)\n    at Route.dispatch (C:\\UrviProject\\chat-app\\backend\\node_modules\\router\\lib\\route.js:117:3)\n    at handle (C:\\UrviProject\\chat-app\\backend\\node_modules\\router\\index.js:435:11)\n    at Layer.handleRequest (C:\\UrviProject\\chat-app\\backend\\node_modules\\router\\lib\\layer.js:152:17)\n    at C:\\UrviProject\\chat-app\\backend\\node_modules\\router\\index.js:295:15","timestamp":"2025-07-29T18:57:51.179Z"}
{"level":"error","message":"TypeError: Message.getConversation is not a function\n    at exports.getMessages (C:\\UrviProject\\chat-app\\backend\\controllers\\chatController.js:5:36)\n    at Layer.handleRequest (C:\\UrviProject\\chat-app\\backend\\node_modules\\router\\lib\\layer.js:152:17)\n    at next (C:\\UrviProject\\chat-app\\backend\\node_modules\\router\\lib\\route.js:157:13)\n    at authenticate (C:\\UrviProject\\chat-app\\backend\\middleware\\auth.js:14:5)\n    at Layer.handleRequest (C:\\UrviProject\\chat-app\\backend\\node_modules\\router\\lib\\layer.js:152:17)\n    at next (C:\\UrviProject\\chat-app\\backend\\node_modules\\router\\lib\\route.js:157:13)\n    at Route.dispatch (C:\\UrviProject\\chat-app\\backend\\node_modules\\router\\lib\\route.js:117:3)\n    at handle (C:\\UrviProject\\chat-app\\backend\\node_modules\\router\\index.js:435:11)\n    at Layer.handleRequest (C:\\UrviProject\\chat-app\\backend\\node_modules\\router\\lib\\layer.js:152:17)\n    at C:\\UrviProject\\chat-app\\backend\\node_modules\\router\\index.js:295:15","timestamp":"2025-07-29T18:57:51.260Z"}
{"level":"error","message":"TypeError: Message.getConversation is not a function\n    at exports.getMessages (C:\\UrviProject\\chat-app\\backend\\controllers\\chatController.js:5:36)\n    at Layer.handleRequest (C:\\UrviProject\\chat-app\\backend\\node_modules\\router\\lib\\layer.js:152:17)\n    at next (C:\\UrviProject\\chat-app\\backend\\node_modules\\router\\lib\\route.js:157:13)\n    at authenticate (C:\\UrviProject\\chat-app\\backend\\middleware\\auth.js:14:5)\n    at Layer.handleRequest (C:\\UrviProject\\chat-app\\backend\\node_modules\\router\\lib\\layer.js:152:17)\n    at next (C:\\UrviProject\\chat-app\\backend\\node_modules\\router\\lib\\route.js:157:13)\n    at Route.dispatch (C:\\UrviProject\\chat-app\\backend\\node_modules\\router\\lib\\route.js:117:3)\n    at handle (C:\\UrviProject\\chat-app\\backend\\node_modules\\router\\index.js:435:11)\n    at Layer.handleRequest (C:\\UrviProject\\chat-app\\backend\\node_modules\\router\\lib\\layer.js:152:17)\n    at C:\\UrviProject\\chat-app\\backend\\node_modules\\router\\index.js:295:15","timestamp":"2025-07-29T18:57:56.112Z"}
{"level":"error","message":"TypeError: Message.getConversation is not a function\n    at exports.getMessages (C:\\UrviProject\\chat-app\\backend\\controllers\\chatController.js:5:36)\n    at Layer.handleRequest (C:\\UrviProject\\chat-app\\backend\\node_modules\\router\\lib\\layer.js:152:17)\n    at next (C:\\UrviProject\\chat-app\\backend\\node_modules\\router\\lib\\route.js:157:13)\n    at authenticate (C:\\UrviProject\\chat-app\\backend\\middleware\\auth.js:14:5)\n    at Layer.handleRequest (C:\\UrviProject\\chat-app\\backend\\node_modules\\router\\lib\\layer.js:152:17)\n    at next (C:\\UrviProject\\chat-app\\backend\\node_modules\\router\\lib\\route.js:157:13)\n    at Route.dispatch (C:\\UrviProject\\chat-app\\backend\\node_modules\\router\\lib\\route.js:117:3)\n    at handle (C:\\UrviProject\\chat-app\\backend\\node_modules\\router\\index.js:435:11)\n    at Layer.handleRequest (C:\\UrviProject\\chat-app\\backend\\node_modules\\router\\lib\\layer.js:152:17)\n    at C:\\UrviProject\\chat-app\\backend\\node_modules\\router\\index.js:295:15","timestamp":"2025-07-29T18:57:56.192Z"}
{"level":"error","timestamp":"2025-08-01T12:52:38.092Z"}
{"level":"error","message":"ReferenceError: next is not defined\n    at exports.logout (A:\\UrviProject\\chat-app\\backend\\controllers\\authController.js:118:5)\n    at Layer.handleRequest (A:\\UrviProject\\chat-app\\backend\\node_modules\\router\\lib\\layer.js:152:17)\n    at next (A:\\UrviProject\\chat-app\\backend\\node_modules\\router\\lib\\route.js:157:13)\n    at Route.dispatch (A:\\UrviProject\\chat-app\\backend\\node_modules\\router\\lib\\route.js:117:3)\n    at handle (A:\\UrviProject\\chat-app\\backend\\node_modules\\router\\index.js:435:11)\n    at Layer.handleRequest (A:\\UrviProject\\chat-app\\backend\\node_modules\\router\\lib\\layer.js:152:17)\n    at A:\\UrviProject\\chat-app\\backend\\node_modules\\router\\index.js:295:15\n    at processParams (A:\\UrviProject\\chat-app\\backend\\node_modules\\router\\index.js:582:12)\n    at next (A:\\UrviProject\\chat-app\\backend\\node_modules\\router\\index.js:291:5)\n    at Function.handle (A:\\UrviProject\\chat-app\\backend\\node_modules\\router\\index.js:186:3)","timestamp":"2025-08-03T11:41:54.868Z"}
{"level":"error","message":"TypeError: Cannot read properties of undefined (reading 'id')\n    at exports.logout (A:\\UrviProject\\chat-app\\backend\\controllers\\authController.js:99:29)\n    at Layer.handleRequest (A:\\UrviProject\\chat-app\\backend\\node_modules\\router\\lib\\layer.js:152:17)\n    at next (A:\\UrviProject\\chat-app\\backend\\node_modules\\router\\lib\\route.js:157:13)\n    at Route.dispatch (A:\\UrviProject\\chat-app\\backend\\node_modules\\router\\lib\\route.js:117:3)\n    at handle (A:\\UrviProject\\chat-app\\backend\\node_modules\\router\\index.js:435:11)\n    at Layer.handleRequest (A:\\UrviProject\\chat-app\\backend\\node_modules\\router\\lib\\layer.js:152:17)\n    at A:\\UrviProject\\chat-app\\backend\\node_modules\\router\\index.js:295:15\n    at processParams (A:\\UrviProject\\chat-app\\backend\\node_modules\\router\\index.js:582:12)\n    at next (A:\\UrviProject\\chat-app\\backend\\node_modules\\router\\index.js:291:5)\n    at Function.handle (A:\\UrviProject\\chat-app\\backend\\node_modules\\router\\index.js:186:3)","timestamp":"2025-08-03T11:42:28.095Z"}
