{"hasSupabaseKey":true,"hasSupabaseUrl":true,"level":"info","message":"🚀 Starting server...","nodeEnv":"development","port":"5000","timestamp":"2025-08-11T17:01:14.244Z"}
{"hasSupabaseKey":true,"hasSupabaseUrl":true,"level":"info","message":"🚀 Starting server...","nodeEnv":"development","port":"5000","timestamp":"2025-08-11T17:01:25.630Z"}
{"hasSupabaseKey":true,"hasSupabaseUrl":true,"level":"info","message":"🚀 Starting server...","nodeEnv":"development","port":"5000","timestamp":"2025-08-11T17:04:59.019Z"}
{"level":"info","message":"Logger test","timestamp":"2025-08-11T17:05:26.462Z"}
{"hasSupabaseKey":true,"hasSupabaseUrl":true,"level":"info","message":"🚀 Starting server...","nodeEnv":"development","port":"5000","timestamp":"2025-08-11T17:06:14.745Z"}
{"hasSupabaseKey":true,"hasSupabaseUrl":true,"level":"info","message":"🚀 Starting server...","nodeEnv":"development","port":"5000","timestamp":"2025-08-11T17:06:14.751Z"}
{"hasSupabaseKey":true,"hasSupabaseUrl":true,"level":"info","message":"🚀 Starting server...","nodeEnv":"development","port":"5000","timestamp":"2025-08-11T17:06:21.715Z"}
{"hasSupabaseKey":true,"hasSupabaseUrl":true,"level":"info","message":"🚀 Starting server...","nodeEnv":"development","port":"5000","timestamp":"2025-08-11T17:06:21.722Z"}
{"hasSupabaseKey":true,"hasSupabaseUrl":true,"level":"info","message":"🚀 Starting server...","nodeEnv":"development","port":"5000","timestamp":"2025-08-11T17:06:36.998Z"}
{"hasSupabaseKey":true,"hasSupabaseUrl":true,"level":"info","message":"🚀 Starting server...","nodeEnv":"development","port":"5000","timestamp":"2025-08-11T17:06:36.990Z"}
{"hasSupabaseKey":true,"hasSupabaseUrl":true,"level":"info","message":"🚀 Starting server...","nodeEnv":"development","port":"5000","timestamp":"2025-08-11T17:07:37.484Z"}
{"hasSupabaseKey":true,"hasSupabaseUrl":true,"level":"info","message":"🚀 Starting server...","nodeEnv":"development","port":"5000","timestamp":"2025-08-11T17:07:37.489Z"}
{"hasSupabaseKey":true,"hasSupabaseUrl":true,"level":"info","message":"🚀 Starting server...","nodeEnv":"development","port":"5000","timestamp":"2025-08-11T17:07:46.215Z"}
{"hasSupabaseKey":true,"hasSupabaseUrl":true,"level":"info","message":"🚀 Starting server...","nodeEnv":"development","port":"5000","timestamp":"2025-08-11T17:07:46.215Z"}
{"hasSupabaseKey":true,"hasSupabaseUrl":true,"level":"info","message":"🚀 Starting server...","nodeEnv":"development","port":"5000","timestamp":"2025-08-11T17:09:05.498Z"}
{"level":"info","message":"🔌 Initializing Socket.IO...","timestamp":"2025-08-11T17:09:06.036Z"}
{"environment":"development","level":"info","message":"✅ Server running successfully on port 5000","timestamp":"2025-08-11T17:09:06.042Z"}
{"hasSupabaseKey":true,"hasSupabaseUrl":true,"level":"info","message":"🚀 Starting server...","nodeEnv":"development","port":"5000","timestamp":"2025-08-11T17:11:39.032Z"}
{"level":"info","message":"🔌 Initializing Socket.IO...","timestamp":"2025-08-11T17:11:39.361Z"}
{"environment":"development","level":"info","message":"✅ Server running successfully on port 5000","timestamp":"2025-08-11T17:11:39.365Z"}
{"level":"info","message":{"ip":"::1","method":"GET","timestamp":"2025-08-11T17:14:32.064Z","url":"/health","userAgent":"Mozilla/5.0 (Windows NT; Windows NT 10.0; en-US) WindowsPowerShell/5.1.26100.4768"},"timestamp":"2025-08-11T17:14:32.064Z"}
{"level":"info","message":{"duration":"6ms","method":"GET","statusCode":200,"timestamp":"2025-08-11T17:14:32.070Z","url":"/health"},"timestamp":"2025-08-11T17:14:32.070Z"}
{"level":"info","message":{"ip":"::1","method":"GET","timestamp":"2025-08-11T17:15:08.542Z","url":"/api","userAgent":"Mozilla/5.0 (Windows NT; Windows NT 10.0; en-US) WindowsPowerShell/5.1.26100.4768"},"timestamp":"2025-08-11T17:15:08.542Z"}
{"level":"info","message":{"duration":"1ms","method":"GET","statusCode":200,"timestamp":"2025-08-11T17:15:08.543Z","url":"/api"},"timestamp":"2025-08-11T17:15:08.543Z"}
{"level":"info","message":{"ip":"::1","method":"POST","timestamp":"2025-08-11T17:15:44.005Z","url":"/api/auth/login","userAgent":"Mozilla/5.0 (iPhone; CPU iPhone OS 16_6 like Mac OS X) AppleWebKit/605.1.15 (KHTML, like Gecko) Version/16.6 Mobile/15E148 Safari/604.1 Edg/138.0.0.0"},"timestamp":"2025-08-11T17:15:44.005Z"}
{"level":"info","message":{"duration":"1826ms","method":"POST","statusCode":200,"timestamp":"2025-08-11T17:15:45.831Z","url":"/api/auth/login"},"timestamp":"2025-08-11T17:15:45.831Z"}
{"level":"info","message":{"ip":"::1","method":"GET","timestamp":"2025-08-11T17:15:47.256Z","url":"/api/users/with-messages","userAgent":"Mozilla/5.0 (iPhone; CPU iPhone OS 16_6 like Mac OS X) AppleWebKit/605.1.15 (KHTML, like Gecko) Version/16.6 Mobile/15E148 Safari/604.1 Edg/138.0.0.0"},"timestamp":"2025-08-11T17:15:47.256Z"}
{"level":"info","message":{"duration":"3ms","method":"GET","statusCode":403,"timestamp":"2025-08-11T17:15:47.259Z","url":"/api/users/with-messages"},"timestamp":"2025-08-11T17:15:47.259Z"}
{"level":"info","message":{"ip":"::1","method":"GET","timestamp":"2025-08-11T17:15:47.277Z","url":"/api/users/with-messages","userAgent":"Mozilla/5.0 (iPhone; CPU iPhone OS 16_6 like Mac OS X) AppleWebKit/605.1.15 (KHTML, like Gecko) Version/16.6 Mobile/15E148 Safari/604.1 Edg/138.0.0.0"},"timestamp":"2025-08-11T17:15:47.277Z"}
{"level":"info","message":{"duration":"2ms","method":"GET","statusCode":403,"timestamp":"2025-08-11T17:15:47.279Z","url":"/api/users/with-messages"},"timestamp":"2025-08-11T17:15:47.279Z"}
{"level":"info","message":{"ip":"::1","method":"POST","timestamp":"2025-08-11T17:16:16.543Z","url":"/api/auth/login","userAgent":"Mozilla/5.0 (iPhone; CPU iPhone OS 16_6 like Mac OS X) AppleWebKit/605.1.15 (KHTML, like Gecko) Version/16.6 Mobile/15E148 Safari/604.1 Edg/138.0.0.0"},"timestamp":"2025-08-11T17:16:16.543Z"}
{"level":"info","message":{"duration":"1134ms","method":"POST","statusCode":200,"timestamp":"2025-08-11T17:16:17.677Z","url":"/api/auth/login"},"timestamp":"2025-08-11T17:16:17.677Z"}
{"level":"info","message":{"ip":"::1","method":"GET","timestamp":"2025-08-11T17:16:20.181Z","url":"/api/users/with-messages","userAgent":"Mozilla/5.0 (iPhone; CPU iPhone OS 16_6 like Mac OS X) AppleWebKit/605.1.15 (KHTML, like Gecko) Version/16.6 Mobile/15E148 Safari/604.1 Edg/138.0.0.0"},"timestamp":"2025-08-11T17:16:20.181Z"}
{"level":"info","message":{"duration":"2ms","method":"GET","statusCode":403,"timestamp":"2025-08-11T17:16:20.183Z","url":"/api/users/with-messages"},"timestamp":"2025-08-11T17:16:20.183Z"}
{"level":"info","message":{"ip":"::1","method":"GET","timestamp":"2025-08-11T17:16:20.197Z","url":"/api/users/with-messages","userAgent":"Mozilla/5.0 (iPhone; CPU iPhone OS 16_6 like Mac OS X) AppleWebKit/605.1.15 (KHTML, like Gecko) Version/16.6 Mobile/15E148 Safari/604.1 Edg/138.0.0.0"},"timestamp":"2025-08-11T17:16:20.197Z"}
{"level":"info","message":{"duration":"1ms","method":"GET","statusCode":403,"timestamp":"2025-08-11T17:16:20.198Z","url":"/api/users/with-messages"},"timestamp":"2025-08-11T17:16:20.198Z"}
{"hasSupabaseKey":true,"hasSupabaseUrl":true,"level":"info","message":"🚀 Starting server...","nodeEnv":"development","port":"5000","timestamp":"2025-08-11T17:18:56.697Z"}
{"level":"info","message":"🔌 Initializing Socket.IO...","timestamp":"2025-08-11T17:18:57.025Z"}
{"environment":"development","level":"info","message":"✅ Server running successfully on port 5000","timestamp":"2025-08-11T17:18:57.030Z"}
{"hasSupabaseKey":true,"hasSupabaseUrl":true,"level":"info","message":"🚀 Starting server...","nodeEnv":"development","port":"5000","timestamp":"2025-08-11T17:19:12.140Z"}
{"level":"info","message":"🔌 Initializing Socket.IO...","timestamp":"2025-08-11T17:19:12.510Z"}
{"environment":"development","level":"info","message":"✅ Server running successfully on port 5000","timestamp":"2025-08-11T17:19:12.514Z"}
{"level":"info","message":{"ip":"::1","method":"POST","timestamp":"2025-08-11T17:19:57.622Z","url":"/api/auth/login","userAgent":"Mozilla/5.0 (Windows NT; Windows NT 10.0; en-US) WindowsPowerShell/5.1.26100.4768"},"timestamp":"2025-08-11T17:19:57.622Z"}
{"ip":"::1","level":"error","message":"Cannot coerce the result to a single JSON object","method":"POST","timestamp":"2025-08-11T17:19:58.067Z","url":"/api/auth/login","user":"anonymous"}
{"level":"info","message":{"duration":"452ms","method":"POST","statusCode":500,"timestamp":"2025-08-11T17:19:58.074Z","url":"/api/auth/login"},"timestamp":"2025-08-11T17:19:58.074Z"}
{"level":"info","message":{"ip":"::1","method":"POST","timestamp":"2025-08-11T17:20:38.334Z","url":"/api/auth/login","userAgent":"Mozilla/5.0 (Windows NT; Windows NT 10.0; en-US) WindowsPowerShell/5.1.26100.4768"},"timestamp":"2025-08-11T17:20:38.334Z"}
{"ip":"::1","level":"error","message":"Cannot coerce the result to a single JSON object","method":"POST","timestamp":"2025-08-11T17:20:38.632Z","url":"/api/auth/login","user":"anonymous"}
{"level":"info","message":{"duration":"301ms","method":"POST","statusCode":500,"timestamp":"2025-08-11T17:20:38.635Z","url":"/api/auth/login"},"timestamp":"2025-08-11T17:20:38.635Z"}
{"hasSupabaseKey":true,"hasSupabaseUrl":true,"level":"info","message":"🚀 Starting server...","nodeEnv":"development","port":"5000","timestamp":"2025-08-11T17:21:33.552Z"}
{"level":"info","message":"🔌 Initializing Socket.IO...","timestamp":"2025-08-11T17:21:33.890Z"}
{"environment":"development","level":"info","message":"✅ Server running successfully on port 5000","timestamp":"2025-08-11T17:21:33.894Z"}
{"level":"info","message":{"ip":"::1","method":"POST","timestamp":"2025-08-11T17:21:38.897Z","url":"/api/auth/login","userAgent":"Mozilla/5.0 (iPhone; CPU iPhone OS 16_6 like Mac OS X) AppleWebKit/605.1.15 (KHTML, like Gecko) Version/16.6 Mobile/15E148 Safari/604.1 Edg/138.0.0.0"},"timestamp":"2025-08-11T17:21:38.897Z"}
{"level":"info","message":{"duration":"1363ms","method":"POST","statusCode":200,"timestamp":"2025-08-11T17:21:40.260Z","url":"/api/auth/login"},"timestamp":"2025-08-11T17:21:40.260Z"}
{"level":"info","message":{"ip":"::1","method":"GET","timestamp":"2025-08-11T17:21:46.368Z","url":"/api/users/with-messages","userAgent":"Mozilla/5.0 (iPhone; CPU iPhone OS 16_6 like Mac OS X) AppleWebKit/605.1.15 (KHTML, like Gecko) Version/16.6 Mobile/15E148 Safari/604.1 Edg/138.0.0.0"},"timestamp":"2025-08-11T17:21:46.368Z"}
{"level":"info","message":"📋 Getting users with last messages for: 22f47932-9259-4388-8331-ea6a480f478a","timestamp":"2025-08-11T17:21:46.374Z"}
{"level":"info","message":"✅ Retrieved 5 users with message data","timestamp":"2025-08-11T17:21:47.490Z"}
{"level":"info","message":{"duration":"1123ms","method":"GET","statusCode":200,"timestamp":"2025-08-11T17:21:47.491Z","url":"/api/users/with-messages"},"timestamp":"2025-08-11T17:21:47.491Z"}
{"hasSupabaseKey":true,"hasSupabaseUrl":true,"level":"info","message":"🚀 Starting server...","nodeEnv":"development","port":"5000","timestamp":"2025-08-11T17:21:58.883Z"}
{"level":"info","message":"🔌 Initializing Socket.IO...","timestamp":"2025-08-11T17:21:59.200Z"}
{"environment":"development","level":"info","message":"✅ Server running successfully on port 5000","timestamp":"2025-08-11T17:21:59.204Z"}
{"level":"info","message":{"ip":"::1","method":"POST","timestamp":"2025-08-11T17:22:04.680Z","url":"/api/auth/login"},"timestamp":"2025-08-11T17:22:04.680Z"}
{"ip":"::1","level":"error","message":"Cannot coerce the result to a single JSON object","method":"POST","timestamp":"2025-08-11T17:22:05.031Z","url":"/api/auth/login","user":"anonymous"}
{"level":"info","message":{"duration":"359ms","method":"POST","statusCode":500,"timestamp":"2025-08-11T17:22:05.038Z","url":"/api/auth/login"},"timestamp":"2025-08-11T17:22:05.038Z"}
{"level":"info","message":{"ip":"::1","method":"GET","timestamp":"2025-08-11T17:22:05.658Z","url":"/health"},"timestamp":"2025-08-11T17:22:05.658Z"}
{"level":"info","message":{"duration":"3ms","method":"GET","statusCode":200,"timestamp":"2025-08-11T17:22:05.661Z","url":"/health"},"timestamp":"2025-08-11T17:22:05.661Z"}
{"hasSupabaseKey":true,"hasSupabaseUrl":true,"level":"info","message":"🚀 Starting server...","nodeEnv":"development","port":"5000","timestamp":"2025-08-11T17:22:48.790Z"}
{"level":"info","message":"🔌 Initializing Socket.IO...","timestamp":"2025-08-11T17:22:49.115Z"}
{"environment":"development","level":"info","message":"✅ Server running successfully on port 5000","timestamp":"2025-08-11T17:22:49.119Z"}
{"level":"info","message":{"ip":"::1","method":"GET","timestamp":"2025-08-11T17:23:18.501Z","url":"/api/users/with-messages","userAgent":"Mozilla/5.0 (iPhone; CPU iPhone OS 16_6 like Mac OS X) AppleWebKit/605.1.15 (KHTML, like Gecko) Version/16.6 Mobile/15E148 Safari/604.1 Edg/138.0.0.0"},"timestamp":"2025-08-11T17:23:18.502Z"}
{"level":"info","message":"📋 Getting users with last messages for: 22f47932-9259-4388-8331-ea6a480f478a","timestamp":"2025-08-11T17:23:18.509Z"}
{"level":"info","message":"✅ Retrieved 5 users with message data","timestamp":"2025-08-11T17:23:19.368Z"}
{"level":"info","message":{"duration":"872ms","method":"GET","statusCode":200,"timestamp":"2025-08-11T17:23:19.373Z","url":"/api/users/with-messages"},"timestamp":"2025-08-11T17:23:19.373Z"}
{"hasSupabaseKey":true,"hasSupabaseUrl":true,"level":"info","message":"🚀 Starting server...","nodeEnv":"development","port":"5000","timestamp":"2025-08-11T17:24:57.729Z"}
{"level":"info","message":"🔌 Initializing Socket.IO...","timestamp":"2025-08-11T17:24:58.049Z"}
{"environment":"development","level":"info","message":"✅ Server running successfully on port 5000","timestamp":"2025-08-11T17:24:58.054Z"}
{"hasSupabaseKey":true,"hasSupabaseUrl":true,"level":"info","message":"🚀 Starting server...","nodeEnv":"development","port":"5000","timestamp":"2025-08-11T17:25:03.339Z"}
{"level":"info","message":"🔌 Initializing Socket.IO...","timestamp":"2025-08-11T17:25:03.662Z"}
{"environment":"development","level":"info","message":"✅ Server running successfully on port 5000","timestamp":"2025-08-11T17:25:03.665Z"}
{"hasSupabaseKey":true,"hasSupabaseUrl":true,"level":"info","message":"🚀 Starting server...","nodeEnv":"development","port":"5000","timestamp":"2025-08-11T17:25:15.256Z"}
{"level":"info","message":"🔌 Initializing Socket.IO...","timestamp":"2025-08-11T17:25:15.640Z"}
{"environment":"development","level":"info","message":"✅ Server running successfully on port 5000","timestamp":"2025-08-11T17:25:15.644Z"}
{"level":"info","message":{"ip":"::1","method":"GET","timestamp":"2025-08-11T17:25:20.920Z","url":"/api/users/with-messages"},"timestamp":"2025-08-11T17:25:20.920Z"}
{"level":"info","message":{"duration":"8ms","method":"GET","statusCode":403,"timestamp":"2025-08-11T17:25:20.928Z","url":"/api/users/with-messages"},"timestamp":"2025-08-11T17:25:20.928Z"}
{"level":"info","message":{"ip":"::1","method":"GET","timestamp":"2025-08-11T17:25:21.907Z","url":"/api/chat/messages/123"},"timestamp":"2025-08-11T17:25:21.907Z"}
{"level":"info","message":{"duration":"5ms","method":"GET","statusCode":403,"timestamp":"2025-08-11T17:25:21.912Z","url":"/api/chat/messages/123"},"timestamp":"2025-08-11T17:25:21.912Z"}
{"hasSupabaseKey":true,"hasSupabaseUrl":true,"level":"info","message":"🚀 Starting server...","nodeEnv":"development","port":"5000","timestamp":"2025-08-11T17:25:41.511Z"}
{"level":"info","message":"🔌 Initializing Socket.IO...","timestamp":"2025-08-11T17:25:41.821Z"}
{"environment":"development","level":"info","message":"✅ Server running successfully on port 5000","timestamp":"2025-08-11T17:25:41.825Z"}
{"level":"info","message":{"ip":"::1","method":"GET","timestamp":"2025-08-11T17:25:48.124Z","url":"/api/users/with-messages","userAgent":"Mozilla/5.0 (iPhone; CPU iPhone OS 16_6 like Mac OS X) AppleWebKit/605.1.15 (KHTML, like Gecko) Version/16.6 Mobile/15E148 Safari/604.1 Edg/138.0.0.0"},"timestamp":"2025-08-11T17:25:48.124Z"}
{"level":"info","message":"📋 Getting users with last messages for: 22f47932-9259-4388-8331-ea6a480f478a","timestamp":"2025-08-11T17:25:48.130Z"}
{"level":"info","message":"✅ Retrieved 5 users with message data","timestamp":"2025-08-11T17:25:49.158Z"}
{"level":"info","message":{"duration":"1043ms","method":"GET","statusCode":200,"timestamp":"2025-08-11T17:25:49.167Z","url":"/api/users/with-messages"},"timestamp":"2025-08-11T17:25:49.167Z"}
{"level":"info","message":{"ip":"::1","method":"GET","timestamp":"2025-08-11T17:25:49.306Z","url":"/api/chat/messages/29412141-4a70-4361-b407-073e70d6b705","userAgent":"Mozilla/5.0 (iPhone; CPU iPhone OS 16_6 like Mac OS X) AppleWebKit/605.1.15 (KHTML, like Gecko) Version/16.6 Mobile/15E148 Safari/604.1 Edg/138.0.0.0"},"timestamp":"2025-08-11T17:25:49.306Z"}
{"ip":"::1","level":"error","message":"Invalid userId parameter","method":"GET","stack":"ValidationError: Invalid userId parameter\n    at A:\\UrviProject\\chat-app\\backend\\utils\\validators.js:105:31\n    at Layer.handleRequest (A:\\UrviProject\\chat-app\\backend\\node_modules\\router\\lib\\layer.js:152:17)\n    at next (A:\\UrviProject\\chat-app\\backend\\node_modules\\router\\lib\\route.js:157:13)\n    at authenticate (A:\\UrviProject\\chat-app\\backend\\middleware\\auth.js:14:5)\n    at Layer.handleRequest (A:\\UrviProject\\chat-app\\backend\\node_modules\\router\\lib\\layer.js:152:17)\n    at next (A:\\UrviProject\\chat-app\\backend\\node_modules\\router\\lib\\route.js:157:13)\n    at Route.dispatch (A:\\UrviProject\\chat-app\\backend\\node_modules\\router\\lib\\route.js:117:3)\n    at handle (A:\\UrviProject\\chat-app\\backend\\node_modules\\router\\index.js:435:11)\n    at Layer.handleRequest (A:\\UrviProject\\chat-app\\backend\\node_modules\\router\\lib\\layer.js:152:17)\n    at A:\\UrviProject\\chat-app\\backend\\node_modules\\router\\index.js:295:15","timestamp":"2025-08-11T17:25:49.313Z","url":"/api/chat/messages/29412141-4a70-4361-b407-073e70d6b705","user":"22f47932-9259-4388-8331-ea6a480f478a"}
{"level":"info","message":{"duration":"10ms","method":"GET","statusCode":400,"timestamp":"2025-08-11T17:25:49.316Z","url":"/api/chat/messages/29412141-4a70-4361-b407-073e70d6b705"},"timestamp":"2025-08-11T17:25:49.316Z"}
{"level":"info","message":{"ip":"::1","method":"GET","timestamp":"2025-08-11T17:25:49.330Z","url":"/api/chat/messages/29412141-4a70-4361-b407-073e70d6b705","userAgent":"Mozilla/5.0 (iPhone; CPU iPhone OS 16_6 like Mac OS X) AppleWebKit/605.1.15 (KHTML, like Gecko) Version/16.6 Mobile/15E148 Safari/604.1 Edg/138.0.0.0"},"timestamp":"2025-08-11T17:25:49.330Z"}
{"ip":"::1","level":"error","message":"Invalid userId parameter","method":"GET","stack":"ValidationError: Invalid userId parameter\n    at A:\\UrviProject\\chat-app\\backend\\utils\\validators.js:105:31\n    at Layer.handleRequest (A:\\UrviProject\\chat-app\\backend\\node_modules\\router\\lib\\layer.js:152:17)\n    at next (A:\\UrviProject\\chat-app\\backend\\node_modules\\router\\lib\\route.js:157:13)\n    at authenticate (A:\\UrviProject\\chat-app\\backend\\middleware\\auth.js:14:5)\n    at Layer.handleRequest (A:\\UrviProject\\chat-app\\backend\\node_modules\\router\\lib\\layer.js:152:17)\n    at next (A:\\UrviProject\\chat-app\\backend\\node_modules\\router\\lib\\route.js:157:13)\n    at Route.dispatch (A:\\UrviProject\\chat-app\\backend\\node_modules\\router\\lib\\route.js:117:3)\n    at handle (A:\\UrviProject\\chat-app\\backend\\node_modules\\router\\index.js:435:11)\n    at Layer.handleRequest (A:\\UrviProject\\chat-app\\backend\\node_modules\\router\\lib\\layer.js:152:17)\n    at A:\\UrviProject\\chat-app\\backend\\node_modules\\router\\index.js:295:15","timestamp":"2025-08-11T17:25:49.333Z","url":"/api/chat/messages/29412141-4a70-4361-b407-073e70d6b705","user":"22f47932-9259-4388-8331-ea6a480f478a"}
{"level":"info","message":{"duration":"5ms","method":"GET","statusCode":400,"timestamp":"2025-08-11T17:25:49.334Z","url":"/api/chat/messages/29412141-4a70-4361-b407-073e70d6b705"},"timestamp":"2025-08-11T17:25:49.334Z"}
{"level":"info","message":{"ip":"::1","method":"POST","timestamp":"2025-08-11T17:26:09.628Z","url":"/api/auth/login","userAgent":"Mozilla/5.0 (iPhone; CPU iPhone OS 16_6 like Mac OS X) AppleWebKit/605.1.15 (KHTML, like Gecko) Version/16.6 Mobile/15E148 Safari/604.1 Edg/138.0.0.0"},"timestamp":"2025-08-11T17:26:09.628Z"}
{"level":"info","message":{"duration":"905ms","method":"POST","statusCode":200,"timestamp":"2025-08-11T17:26:10.533Z","url":"/api/auth/login"},"timestamp":"2025-08-11T17:26:10.533Z"}
{"level":"info","message":{"ip":"::1","method":"GET","timestamp":"2025-08-11T17:26:11.839Z","url":"/api/users/with-messages","userAgent":"Mozilla/5.0 (iPhone; CPU iPhone OS 16_6 like Mac OS X) AppleWebKit/605.1.15 (KHTML, like Gecko) Version/16.6 Mobile/15E148 Safari/604.1 Edg/138.0.0.0"},"timestamp":"2025-08-11T17:26:11.839Z"}
{"level":"info","message":"📋 Getting users with last messages for: 22f47932-9259-4388-8331-ea6a480f478a","timestamp":"2025-08-11T17:26:11.842Z"}
{"level":"info","message":"✅ Retrieved 5 users with message data","timestamp":"2025-08-11T17:26:12.580Z"}
{"level":"info","message":{"duration":"746ms","method":"GET","statusCode":304,"timestamp":"2025-08-11T17:26:12.585Z","url":"/api/users/with-messages"},"timestamp":"2025-08-11T17:26:12.585Z"}
{"level":"info","message":{"ip":"::1","method":"GET","timestamp":"2025-08-11T17:26:12.722Z","url":"/api/chat/messages/29412141-4a70-4361-b407-073e70d6b705","userAgent":"Mozilla/5.0 (iPhone; CPU iPhone OS 16_6 like Mac OS X) AppleWebKit/605.1.15 (KHTML, like Gecko) Version/16.6 Mobile/15E148 Safari/604.1 Edg/138.0.0.0"},"timestamp":"2025-08-11T17:26:12.722Z"}
{"ip":"::1","level":"error","message":"Invalid userId parameter","method":"GET","stack":"ValidationError: Invalid userId parameter\n    at A:\\UrviProject\\chat-app\\backend\\utils\\validators.js:105:31\n    at Layer.handleRequest (A:\\UrviProject\\chat-app\\backend\\node_modules\\router\\lib\\layer.js:152:17)\n    at next (A:\\UrviProject\\chat-app\\backend\\node_modules\\router\\lib\\route.js:157:13)\n    at authenticate (A:\\UrviProject\\chat-app\\backend\\middleware\\auth.js:14:5)\n    at Layer.handleRequest (A:\\UrviProject\\chat-app\\backend\\node_modules\\router\\lib\\layer.js:152:17)\n    at next (A:\\UrviProject\\chat-app\\backend\\node_modules\\router\\lib\\route.js:157:13)\n    at Route.dispatch (A:\\UrviProject\\chat-app\\backend\\node_modules\\router\\lib\\route.js:117:3)\n    at handle (A:\\UrviProject\\chat-app\\backend\\node_modules\\router\\index.js:435:11)\n    at Layer.handleRequest (A:\\UrviProject\\chat-app\\backend\\node_modules\\router\\lib\\layer.js:152:17)\n    at A:\\UrviProject\\chat-app\\backend\\node_modules\\router\\index.js:295:15","timestamp":"2025-08-11T17:26:12.725Z","url":"/api/chat/messages/29412141-4a70-4361-b407-073e70d6b705","user":"22f47932-9259-4388-8331-ea6a480f478a"}
{"level":"info","message":{"duration":"5ms","method":"GET","statusCode":400,"timestamp":"2025-08-11T17:26:12.727Z","url":"/api/chat/messages/29412141-4a70-4361-b407-073e70d6b705"},"timestamp":"2025-08-11T17:26:12.727Z"}
{"level":"info","message":{"ip":"::1","method":"GET","timestamp":"2025-08-11T17:26:12.742Z","url":"/api/chat/messages/29412141-4a70-4361-b407-073e70d6b705","userAgent":"Mozilla/5.0 (iPhone; CPU iPhone OS 16_6 like Mac OS X) AppleWebKit/605.1.15 (KHTML, like Gecko) Version/16.6 Mobile/15E148 Safari/604.1 Edg/138.0.0.0"},"timestamp":"2025-08-11T17:26:12.742Z"}
{"ip":"::1","level":"error","message":"Invalid userId parameter","method":"GET","stack":"ValidationError: Invalid userId parameter\n    at A:\\UrviProject\\chat-app\\backend\\utils\\validators.js:105:31\n    at Layer.handleRequest (A:\\UrviProject\\chat-app\\backend\\node_modules\\router\\lib\\layer.js:152:17)\n    at next (A:\\UrviProject\\chat-app\\backend\\node_modules\\router\\lib\\route.js:157:13)\n    at authenticate (A:\\UrviProject\\chat-app\\backend\\middleware\\auth.js:14:5)\n    at Layer.handleRequest (A:\\UrviProject\\chat-app\\backend\\node_modules\\router\\lib\\layer.js:152:17)\n    at next (A:\\UrviProject\\chat-app\\backend\\node_modules\\router\\lib\\route.js:157:13)\n    at Route.dispatch (A:\\UrviProject\\chat-app\\backend\\node_modules\\router\\lib\\route.js:117:3)\n    at handle (A:\\UrviProject\\chat-app\\backend\\node_modules\\router\\index.js:435:11)\n    at Layer.handleRequest (A:\\UrviProject\\chat-app\\backend\\node_modules\\router\\lib\\layer.js:152:17)\n    at A:\\UrviProject\\chat-app\\backend\\node_modules\\router\\index.js:295:15","timestamp":"2025-08-11T17:26:12.744Z","url":"/api/chat/messages/29412141-4a70-4361-b407-073e70d6b705","user":"22f47932-9259-4388-8331-ea6a480f478a"}
{"level":"info","message":{"duration":"4ms","method":"GET","statusCode":400,"timestamp":"2025-08-11T17:26:12.746Z","url":"/api/chat/messages/29412141-4a70-4361-b407-073e70d6b705"},"timestamp":"2025-08-11T17:26:12.746Z"}
{"hasSupabaseKey":true,"hasSupabaseUrl":true,"level":"info","message":"🚀 Starting server...","nodeEnv":"development","port":"5000","timestamp":"2025-08-11T17:26:53.564Z"}
{"level":"info","message":"🔌 Initializing Socket.IO...","timestamp":"2025-08-11T17:26:53.900Z"}
{"environment":"development","level":"info","message":"✅ Server running successfully on port 5000","timestamp":"2025-08-11T17:26:53.903Z"}
{"hasSupabaseKey":true,"hasSupabaseUrl":true,"level":"info","message":"🚀 Starting server...","nodeEnv":"development","port":"5000","timestamp":"2025-08-11T17:27:02.854Z"}
{"level":"info","message":"🔌 Initializing Socket.IO...","timestamp":"2025-08-11T17:27:03.201Z"}
{"environment":"development","level":"info","message":"✅ Server running successfully on port 5000","timestamp":"2025-08-11T17:27:03.205Z"}
{"hasSupabaseKey":true,"hasSupabaseUrl":true,"level":"info","message":"🚀 Starting server...","nodeEnv":"development","port":"5000","timestamp":"2025-08-11T17:27:11.442Z"}
{"level":"info","message":"🔌 Initializing Socket.IO...","timestamp":"2025-08-11T17:27:11.811Z"}
{"environment":"development","level":"info","message":"✅ Server running successfully on port 5000","timestamp":"2025-08-11T17:27:11.815Z"}
{"hasSupabaseKey":true,"hasSupabaseUrl":true,"level":"info","message":"🚀 Starting server...","nodeEnv":"development","port":"5000","timestamp":"2025-08-11T17:27:17.911Z"}
{"level":"info","message":"🔌 Initializing Socket.IO...","timestamp":"2025-08-11T17:27:18.279Z"}
{"environment":"development","level":"info","message":"✅ Server running successfully on port 5000","timestamp":"2025-08-11T17:27:18.283Z"}
{"level":"info","message":{"ip":"::1","method":"GET","timestamp":"2025-08-11T17:27:33.027Z","url":"/api/chat/messages/29412141-4a70-4361-b407-073e70d6b705","userAgent":"Mozilla/5.0 (Windows NT; Windows NT 10.0; en-US) WindowsPowerShell/5.1.26100.4768"},"timestamp":"2025-08-11T17:27:33.027Z"}
{"level":"info","message":{"duration":"5ms","method":"GET","statusCode":403,"timestamp":"2025-08-11T17:27:33.032Z","url":"/api/chat/messages/29412141-4a70-4361-b407-073e70d6b705"},"timestamp":"2025-08-11T17:27:33.032Z"}
{"hasSupabaseKey":true,"hasSupabaseUrl":true,"level":"info","message":"🚀 Starting server...","nodeEnv":"development","port":"5000","timestamp":"2025-08-11T17:28:00.333Z"}
{"level":"info","message":"🔌 Initializing Socket.IO...","timestamp":"2025-08-11T17:28:00.708Z"}
{"environment":"development","level":"info","message":"✅ Server running successfully on port 5000","timestamp":"2025-08-11T17:28:00.711Z"}
{"level":"info","message":{"ip":"::1","method":"GET","timestamp":"2025-08-11T17:28:05.737Z","url":"/api/chat/messages/29412141-4a70-4361-b407-073e70d6b705"},"timestamp":"2025-08-11T17:28:05.737Z"}
{"level":"info","message":{"duration":"6ms","method":"GET","statusCode":403,"timestamp":"2025-08-11T17:28:05.743Z","url":"/api/chat/messages/29412141-4a70-4361-b407-073e70d6b705"},"timestamp":"2025-08-11T17:28:05.743Z"}
{"hasSupabaseKey":true,"hasSupabaseUrl":true,"level":"info","message":"🚀 Starting server...","nodeEnv":"development","port":"5000","timestamp":"2025-08-11T17:28:27.403Z"}
{"level":"info","message":"🔌 Initializing Socket.IO...","timestamp":"2025-08-11T17:28:27.742Z"}
{"environment":"development","level":"info","message":"✅ Server running successfully on port 5000","timestamp":"2025-08-11T17:28:27.747Z"}
{"level":"info","message":{"ip":"::1","method":"GET","timestamp":"2025-08-11T17:28:50.071Z","url":"/api/users/with-messages","userAgent":"Mozilla/5.0 (iPhone; CPU iPhone OS 16_6 like Mac OS X) AppleWebKit/605.1.15 (KHTML, like Gecko) Version/16.6 Mobile/15E148 Safari/604.1 Edg/138.0.0.0"},"timestamp":"2025-08-11T17:28:50.071Z"}
{"level":"info","message":"📋 Getting users with last messages for: 22f47932-9259-4388-8331-ea6a480f478a","timestamp":"2025-08-11T17:28:50.082Z"}
{"level":"info","message":"✅ Retrieved 5 users with message data","timestamp":"2025-08-11T17:28:50.969Z"}
{"level":"info","message":{"duration":"902ms","method":"GET","statusCode":304,"timestamp":"2025-08-11T17:28:50.973Z","url":"/api/users/with-messages"},"timestamp":"2025-08-11T17:28:50.973Z"}
{"level":"info","message":{"ip":"::1","method":"GET","timestamp":"2025-08-11T17:28:51.120Z","url":"/api/chat/messages/29412141-4a70-4361-b407-073e70d6b705","userAgent":"Mozilla/5.0 (iPhone; CPU iPhone OS 16_6 like Mac OS X) AppleWebKit/605.1.15 (KHTML, like Gecko) Version/16.6 Mobile/15E148 Safari/604.1 Edg/138.0.0.0"},"timestamp":"2025-08-11T17:28:51.120Z"}
{"level":"info","message":"📥 Getting messages between users 22f47932-9259-4388-8331-ea6a480f478a and 29412141-4a70-4361-b407-073e70d6b705","timestamp":"2025-08-11T17:28:51.126Z"}
{"level":"info","message":"✅ Retrieved 14 messages for conversation","timestamp":"2025-08-11T17:28:51.332Z"}
{"level":"info","message":{"duration":"219ms","method":"GET","statusCode":200,"timestamp":"2025-08-11T17:28:51.339Z","url":"/api/chat/messages/29412141-4a70-4361-b407-073e70d6b705"},"timestamp":"2025-08-11T17:28:51.339Z"}
{"level":"info","message":{"ip":"::1","method":"GET","timestamp":"2025-08-11T17:29:03.007Z","url":"/api/users/with-messages","userAgent":"Mozilla/5.0 (iPhone; CPU iPhone OS 16_6 like Mac OS X) AppleWebKit/605.1.15 (KHTML, like Gecko) Version/16.6 Mobile/15E148 Safari/604.1 Edg/138.0.0.0"},"timestamp":"2025-08-11T17:29:03.007Z"}
{"level":"info","message":"📋 Getting users with last messages for: 22f47932-9259-4388-8331-ea6a480f478a","timestamp":"2025-08-11T17:29:03.010Z"}
{"level":"info","message":"✅ Retrieved 5 users with message data","timestamp":"2025-08-11T17:29:03.529Z"}
{"level":"info","message":{"duration":"523ms","method":"GET","statusCode":304,"timestamp":"2025-08-11T17:29:03.530Z","url":"/api/users/with-messages"},"timestamp":"2025-08-11T17:29:03.530Z"}
{"level":"info","message":{"ip":"::1","method":"GET","timestamp":"2025-08-11T17:29:03.656Z","url":"/api/chat/messages/588e0907-2b58-43a1-bd86-7f7b57f4fa1a","userAgent":"Mozilla/5.0 (iPhone; CPU iPhone OS 16_6 like Mac OS X) AppleWebKit/605.1.15 (KHTML, like Gecko) Version/16.6 Mobile/15E148 Safari/604.1 Edg/138.0.0.0"},"timestamp":"2025-08-11T17:29:03.656Z"}
{"level":"info","message":"📥 Getting messages between users 22f47932-9259-4388-8331-ea6a480f478a and 588e0907-2b58-43a1-bd86-7f7b57f4fa1a","timestamp":"2025-08-11T17:29:03.659Z"}
{"level":"info","message":"✅ Retrieved 30 messages for conversation","timestamp":"2025-08-11T17:29:03.899Z"}
{"level":"info","message":{"duration":"244ms","method":"GET","statusCode":304,"timestamp":"2025-08-11T17:29:03.900Z","url":"/api/chat/messages/588e0907-2b58-43a1-bd86-7f7b57f4fa1a"},"timestamp":"2025-08-11T17:29:03.900Z"}
{"level":"info","message":{"ip":"::1","method":"GET","timestamp":"2025-08-11T17:29:05.391Z","url":"/api/users/with-messages","userAgent":"Mozilla/5.0 (iPhone; CPU iPhone OS 16_6 like Mac OS X) AppleWebKit/605.1.15 (KHTML, like Gecko) Version/16.6 Mobile/15E148 Safari/604.1 Edg/138.0.0.0"},"timestamp":"2025-08-11T17:29:05.392Z"}
{"level":"info","message":"📋 Getting users with last messages for: 22f47932-9259-4388-8331-ea6a480f478a","timestamp":"2025-08-11T17:29:05.396Z"}
{"level":"info","message":"✅ Retrieved 5 users with message data","timestamp":"2025-08-11T17:29:05.731Z"}
{"level":"info","message":{"duration":"342ms","method":"GET","statusCode":304,"timestamp":"2025-08-11T17:29:05.733Z","url":"/api/users/with-messages"},"timestamp":"2025-08-11T17:29:05.733Z"}
{"level":"info","message":{"ip":"::1","method":"GET","timestamp":"2025-08-11T17:29:05.874Z","url":"/api/chat/messages/037b9421-1b3b-44c1-84a3-6cec938f75bf","userAgent":"Mozilla/5.0 (iPhone; CPU iPhone OS 16_6 like Mac OS X) AppleWebKit/605.1.15 (KHTML, like Gecko) Version/16.6 Mobile/15E148 Safari/604.1 Edg/138.0.0.0"},"timestamp":"2025-08-11T17:29:05.874Z"}
{"level":"info","message":"📥 Getting messages between users 22f47932-9259-4388-8331-ea6a480f478a and 037b9421-1b3b-44c1-84a3-6cec938f75bf","timestamp":"2025-08-11T17:29:05.879Z"}
{"level":"info","message":"✅ Retrieved 21 messages for conversation","timestamp":"2025-08-11T17:29:06.106Z"}
{"level":"info","message":{"duration":"233ms","method":"GET","statusCode":304,"timestamp":"2025-08-11T17:29:06.107Z","url":"/api/chat/messages/037b9421-1b3b-44c1-84a3-6cec938f75bf"},"timestamp":"2025-08-11T17:29:06.107Z"}
{"level":"info","message":{"ip":"::1","method":"GET","timestamp":"2025-08-11T17:29:07.171Z","url":"/api/users/with-messages","userAgent":"Mozilla/5.0 (iPhone; CPU iPhone OS 16_6 like Mac OS X) AppleWebKit/605.1.15 (KHTML, like Gecko) Version/16.6 Mobile/15E148 Safari/604.1 Edg/138.0.0.0"},"timestamp":"2025-08-11T17:29:07.171Z"}
{"level":"info","message":"📋 Getting users with last messages for: 22f47932-9259-4388-8331-ea6a480f478a","timestamp":"2025-08-11T17:29:07.173Z"}
{"level":"info","message":"✅ Retrieved 5 users with message data","timestamp":"2025-08-11T17:29:07.892Z"}
{"level":"info","message":{"duration":"722ms","method":"GET","statusCode":304,"timestamp":"2025-08-11T17:29:07.893Z","url":"/api/users/with-messages"},"timestamp":"2025-08-11T17:29:07.893Z"}
{"level":"info","message":{"ip":"::1","method":"GET","timestamp":"2025-08-11T17:29:08.044Z","url":"/api/chat/messages/71b54f5e-4300-4701-af52-9ad9915b3cc9","userAgent":"Mozilla/5.0 (iPhone; CPU iPhone OS 16_6 like Mac OS X) AppleWebKit/605.1.15 (KHTML, like Gecko) Version/16.6 Mobile/15E148 Safari/604.1 Edg/138.0.0.0"},"timestamp":"2025-08-11T17:29:08.044Z"}
{"level":"info","message":"📥 Getting messages between users 22f47932-9259-4388-8331-ea6a480f478a and 71b54f5e-4300-4701-af52-9ad9915b3cc9","timestamp":"2025-08-11T17:29:08.050Z"}
{"level":"info","message":"✅ Retrieved 0 messages for conversation","timestamp":"2025-08-11T17:29:08.313Z"}
{"level":"info","message":{"duration":"271ms","method":"GET","statusCode":304,"timestamp":"2025-08-11T17:29:08.315Z","url":"/api/chat/messages/71b54f5e-4300-4701-af52-9ad9915b3cc9"},"timestamp":"2025-08-11T17:29:08.315Z"}
{"level":"info","message":{"ip":"::1","method":"GET","timestamp":"2025-08-11T17:29:09.660Z","url":"/api/users/with-messages","userAgent":"Mozilla/5.0 (iPhone; CPU iPhone OS 16_6 like Mac OS X) AppleWebKit/605.1.15 (KHTML, like Gecko) Version/16.6 Mobile/15E148 Safari/604.1 Edg/138.0.0.0"},"timestamp":"2025-08-11T17:29:09.660Z"}
{"level":"info","message":"📋 Getting users with last messages for: 22f47932-9259-4388-8331-ea6a480f478a","timestamp":"2025-08-11T17:29:09.662Z"}
{"level":"info","message":"✅ Retrieved 5 users with message data","timestamp":"2025-08-11T17:29:10.038Z"}
{"level":"info","message":{"duration":"379ms","method":"GET","statusCode":304,"timestamp":"2025-08-11T17:29:10.039Z","url":"/api/users/with-messages"},"timestamp":"2025-08-11T17:29:10.039Z"}
{"level":"info","message":{"ip":"::1","method":"GET","timestamp":"2025-08-11T17:29:10.175Z","url":"/api/chat/messages/71b54f5e-4300-4701-af52-9ad9915b3cc9","userAgent":"Mozilla/5.0 (iPhone; CPU iPhone OS 16_6 like Mac OS X) AppleWebKit/605.1.15 (KHTML, like Gecko) Version/16.6 Mobile/15E148 Safari/604.1 Edg/138.0.0.0"},"timestamp":"2025-08-11T17:29:10.176Z"}
{"level":"info","message":"📥 Getting messages between users 22f47932-9259-4388-8331-ea6a480f478a and 71b54f5e-4300-4701-af52-9ad9915b3cc9","timestamp":"2025-08-11T17:29:10.180Z"}
{"level":"info","message":"✅ Retrieved 0 messages for conversation","timestamp":"2025-08-11T17:29:10.382Z"}
{"level":"info","message":{"duration":"210ms","method":"GET","statusCode":304,"timestamp":"2025-08-11T17:29:10.385Z","url":"/api/chat/messages/71b54f5e-4300-4701-af52-9ad9915b3cc9"},"timestamp":"2025-08-11T17:29:10.385Z"}
{"level":"info","message":{"ip":"::1","method":"GET","timestamp":"2025-08-11T17:29:11.982Z","url":"/api/users/with-messages","userAgent":"Mozilla/5.0 (iPhone; CPU iPhone OS 16_6 like Mac OS X) AppleWebKit/605.1.15 (KHTML, like Gecko) Version/16.6 Mobile/15E148 Safari/604.1 Edg/138.0.0.0"},"timestamp":"2025-08-11T17:29:11.982Z"}
{"level":"info","message":"📋 Getting users with last messages for: 22f47932-9259-4388-8331-ea6a480f478a","timestamp":"2025-08-11T17:29:11.985Z"}
{"level":"info","message":"✅ Retrieved 5 users with message data","timestamp":"2025-08-11T17:29:12.308Z"}
{"level":"info","message":{"duration":"327ms","method":"GET","statusCode":304,"timestamp":"2025-08-11T17:29:12.309Z","url":"/api/users/with-messages"},"timestamp":"2025-08-11T17:29:12.309Z"}
{"level":"info","message":{"ip":"::1","method":"GET","timestamp":"2025-08-11T17:29:12.436Z","url":"/api/chat/messages/7c18f286-5e15-41a3-90dd-19d93b758848","userAgent":"Mozilla/5.0 (iPhone; CPU iPhone OS 16_6 like Mac OS X) AppleWebKit/605.1.15 (KHTML, like Gecko) Version/16.6 Mobile/15E148 Safari/604.1 Edg/138.0.0.0"},"timestamp":"2025-08-11T17:29:12.436Z"}
{"level":"info","message":"📥 Getting messages between users 22f47932-9259-4388-8331-ea6a480f478a and 7c18f286-5e15-41a3-90dd-19d93b758848","timestamp":"2025-08-11T17:29:12.439Z"}
{"level":"info","message":"✅ Retrieved 0 messages for conversation","timestamp":"2025-08-11T17:29:12.666Z"}
{"level":"info","message":{"duration":"231ms","method":"GET","statusCode":304,"timestamp":"2025-08-11T17:29:12.667Z","url":"/api/chat/messages/7c18f286-5e15-41a3-90dd-19d93b758848"},"timestamp":"2025-08-11T17:29:12.668Z"}
{"level":"info","message":{"ip":"::1","method":"GET","timestamp":"2025-08-11T17:29:15.192Z","url":"/api/users/with-messages","userAgent":"Mozilla/5.0 (iPhone; CPU iPhone OS 16_6 like Mac OS X) AppleWebKit/605.1.15 (KHTML, like Gecko) Version/16.6 Mobile/15E148 Safari/604.1 Edg/138.0.0.0"},"timestamp":"2025-08-11T17:29:15.193Z"}
{"level":"info","message":"📋 Getting users with last messages for: 22f47932-9259-4388-8331-ea6a480f478a","timestamp":"2025-08-11T17:29:15.195Z"}
{"level":"info","message":"✅ Retrieved 5 users with message data","timestamp":"2025-08-11T17:29:15.609Z"}
{"level":"info","message":{"duration":"419ms","method":"GET","statusCode":304,"timestamp":"2025-08-11T17:29:15.611Z","url":"/api/users/with-messages"},"timestamp":"2025-08-11T17:29:15.611Z"}
{"level":"info","message":{"ip":"::1","method":"GET","timestamp":"2025-08-11T17:29:15.751Z","url":"/api/chat/messages/29412141-4a70-4361-b407-073e70d6b705","userAgent":"Mozilla/5.0 (iPhone; CPU iPhone OS 16_6 like Mac OS X) AppleWebKit/605.1.15 (KHTML, like Gecko) Version/16.6 Mobile/15E148 Safari/604.1 Edg/138.0.0.0"},"timestamp":"2025-08-11T17:29:15.751Z"}
{"level":"info","message":"📥 Getting messages between users 22f47932-9259-4388-8331-ea6a480f478a and 29412141-4a70-4361-b407-073e70d6b705","timestamp":"2025-08-11T17:29:15.754Z"}
{"level":"info","message":"✅ Retrieved 14 messages for conversation","timestamp":"2025-08-11T17:29:15.995Z"}
{"level":"info","message":{"duration":"246ms","method":"GET","statusCode":304,"timestamp":"2025-08-11T17:29:15.996Z","url":"/api/chat/messages/29412141-4a70-4361-b407-073e70d6b705"},"timestamp":"2025-08-11T17:29:15.996Z"}
{"level":"info","message":{"ip":"::1","method":"GET","timestamp":"2025-08-11T17:29:22.708Z","url":"/api/users/with-messages","userAgent":"Mozilla/5.0 (iPhone; CPU iPhone OS 16_6 like Mac OS X) AppleWebKit/605.1.15 (KHTML, like Gecko) Version/16.6 Mobile/15E148 Safari/604.1 Edg/138.0.0.0"},"timestamp":"2025-08-11T17:29:22.708Z"}
{"level":"info","message":"📋 Getting users with last messages for: 22f47932-9259-4388-8331-ea6a480f478a","timestamp":"2025-08-11T17:29:22.711Z"}
{"level":"info","message":"✅ Retrieved 5 users with message data","timestamp":"2025-08-11T17:29:23.391Z"}
{"level":"info","message":{"duration":"684ms","method":"GET","statusCode":304,"timestamp":"2025-08-11T17:29:23.392Z","url":"/api/users/with-messages"},"timestamp":"2025-08-11T17:29:23.392Z"}
{"level":"info","message":{"ip":"::1","method":"GET","timestamp":"2025-08-11T17:29:23.518Z","url":"/api/chat/messages/29412141-4a70-4361-b407-073e70d6b705","userAgent":"Mozilla/5.0 (iPhone; CPU iPhone OS 16_6 like Mac OS X) AppleWebKit/605.1.15 (KHTML, like Gecko) Version/16.6 Mobile/15E148 Safari/604.1 Edg/138.0.0.0"},"timestamp":"2025-08-11T17:29:23.518Z"}
{"level":"info","message":"📥 Getting messages between users 22f47932-9259-4388-8331-ea6a480f478a and 29412141-4a70-4361-b407-073e70d6b705","timestamp":"2025-08-11T17:29:23.520Z"}
{"level":"info","message":"✅ Retrieved 14 messages for conversation","timestamp":"2025-08-11T17:29:23.747Z"}
{"level":"info","message":{"duration":"230ms","method":"GET","statusCode":304,"timestamp":"2025-08-11T17:29:23.748Z","url":"/api/chat/messages/29412141-4a70-4361-b407-073e70d6b705"},"timestamp":"2025-08-11T17:29:23.748Z"}
{"level":"info","message":{"ip":"::1","method":"GET","timestamp":"2025-08-11T17:32:05.718Z","url":"/api/users/with-messages","userAgent":"Mozilla/5.0 (iPhone; CPU iPhone OS 16_6 like Mac OS X) AppleWebKit/605.1.15 (KHTML, like Gecko) Version/16.6 Mobile/15E148 Safari/604.1 Edg/138.0.0.0"},"timestamp":"2025-08-11T17:32:05.718Z"}
{"level":"info","message":"📋 Getting users with last messages for: 22f47932-9259-4388-8331-ea6a480f478a","timestamp":"2025-08-11T17:32:05.720Z"}
{"level":"info","message":"✅ Retrieved 5 users with message data","timestamp":"2025-08-11T17:32:06.422Z"}
{"level":"info","message":{"duration":"707ms","method":"GET","statusCode":304,"timestamp":"2025-08-11T17:32:06.425Z","url":"/api/users/with-messages"},"timestamp":"2025-08-11T17:32:06.425Z"}
{"level":"info","message":{"ip":"::1","method":"GET","timestamp":"2025-08-11T17:32:06.580Z","url":"/api/chat/messages/29412141-4a70-4361-b407-073e70d6b705","userAgent":"Mozilla/5.0 (iPhone; CPU iPhone OS 16_6 like Mac OS X) AppleWebKit/605.1.15 (KHTML, like Gecko) Version/16.6 Mobile/15E148 Safari/604.1 Edg/138.0.0.0"},"timestamp":"2025-08-11T17:32:06.580Z"}
{"level":"info","message":"📥 Getting messages between users 22f47932-9259-4388-8331-ea6a480f478a and 29412141-4a70-4361-b407-073e70d6b705","timestamp":"2025-08-11T17:32:06.583Z"}
{"level":"info","message":"✅ Retrieved 14 messages for conversation","timestamp":"2025-08-11T17:32:06.906Z"}
{"level":"info","message":{"duration":"327ms","method":"GET","statusCode":304,"timestamp":"2025-08-11T17:32:06.907Z","url":"/api/chat/messages/29412141-4a70-4361-b407-073e70d6b705"},"timestamp":"2025-08-11T17:32:06.907Z"}
{"level":"info","message":{"ip":"::1","method":"GET","timestamp":"2025-08-11T17:32:11.469Z","url":"/api/users/with-messages","userAgent":"Mozilla/5.0 (iPhone; CPU iPhone OS 16_6 like Mac OS X) AppleWebKit/605.1.15 (KHTML, like Gecko) Version/16.6 Mobile/15E148 Safari/604.1 Edg/138.0.0.0"},"timestamp":"2025-08-11T17:32:11.469Z"}
{"level":"info","message":"📋 Getting users with last messages for: 22f47932-9259-4388-8331-ea6a480f478a","timestamp":"2025-08-11T17:32:11.471Z"}
{"level":"info","message":"✅ Retrieved 5 users with message data","timestamp":"2025-08-11T17:32:12.049Z"}
{"level":"info","message":{"duration":"581ms","method":"GET","statusCode":304,"timestamp":"2025-08-11T17:32:12.050Z","url":"/api/users/with-messages"},"timestamp":"2025-08-11T17:32:12.050Z"}
{"level":"info","message":{"ip":"::1","method":"GET","timestamp":"2025-08-11T17:32:12.189Z","url":"/api/chat/messages/588e0907-2b58-43a1-bd86-7f7b57f4fa1a","userAgent":"Mozilla/5.0 (iPhone; CPU iPhone OS 16_6 like Mac OS X) AppleWebKit/605.1.15 (KHTML, like Gecko) Version/16.6 Mobile/15E148 Safari/604.1 Edg/138.0.0.0"},"timestamp":"2025-08-11T17:32:12.189Z"}
{"level":"info","message":"📥 Getting messages between users 22f47932-9259-4388-8331-ea6a480f478a and 588e0907-2b58-43a1-bd86-7f7b57f4fa1a","timestamp":"2025-08-11T17:32:12.192Z"}
{"level":"info","message":"✅ Retrieved 30 messages for conversation","timestamp":"2025-08-11T17:32:12.393Z"}
{"level":"info","message":{"duration":"206ms","method":"GET","statusCode":304,"timestamp":"2025-08-11T17:32:12.395Z","url":"/api/chat/messages/588e0907-2b58-43a1-bd86-7f7b57f4fa1a"},"timestamp":"2025-08-11T17:32:12.395Z"}
{"level":"info","message":{"ip":"::1","method":"POST","timestamp":"2025-08-11T17:35:09.817Z","url":"/api/auth/login","userAgent":"Mozilla/5.0 (iPhone; CPU iPhone OS 16_6 like Mac OS X) AppleWebKit/605.1.15 (KHTML, like Gecko) Version/16.6 Mobile/15E148 Safari/604.1 Edg/138.0.0.0"},"timestamp":"2025-08-11T17:35:09.817Z"}
{"level":"info","message":{"duration":"1481ms","method":"POST","statusCode":200,"timestamp":"2025-08-11T17:35:11.298Z","url":"/api/auth/login"},"timestamp":"2025-08-11T17:35:11.298Z"}
{"level":"info","message":{"ip":"::1","method":"GET","timestamp":"2025-08-11T17:35:11.364Z","url":"/api/users/with-messages","userAgent":"Mozilla/5.0 (iPhone; CPU iPhone OS 16_6 like Mac OS X) AppleWebKit/605.1.15 (KHTML, like Gecko) Version/16.6 Mobile/15E148 Safari/604.1 Edg/138.0.0.0"},"timestamp":"2025-08-11T17:35:11.364Z"}
{"level":"info","message":"📋 Getting users with last messages for: 22f47932-9259-4388-8331-ea6a480f478a","timestamp":"2025-08-11T17:35:11.367Z"}
{"level":"info","message":"✅ Retrieved 5 users with message data","timestamp":"2025-08-11T17:35:11.952Z"}
{"level":"info","message":{"duration":"591ms","method":"GET","statusCode":304,"timestamp":"2025-08-11T17:35:11.955Z","url":"/api/users/with-messages"},"timestamp":"2025-08-11T17:35:11.956Z"}
{"level":"info","message":{"ip":"::1","method":"GET","timestamp":"2025-08-11T17:35:25.716Z","url":"/api/users/with-messages","userAgent":"Mozilla/5.0 (iPhone; CPU iPhone OS 16_6 like Mac OS X) AppleWebKit/605.1.15 (KHTML, like Gecko) Version/16.6 Mobile/15E148 Safari/604.1 Edg/138.0.0.0"},"timestamp":"2025-08-11T17:35:25.716Z"}
{"level":"info","message":"📋 Getting users with last messages for: 22f47932-9259-4388-8331-ea6a480f478a","timestamp":"2025-08-11T17:35:25.718Z"}
{"level":"info","message":"✅ Retrieved 5 users with message data","timestamp":"2025-08-11T17:35:26.300Z"}
{"level":"info","message":{"duration":"585ms","method":"GET","statusCode":304,"timestamp":"2025-08-11T17:35:26.301Z","url":"/api/users/with-messages"},"timestamp":"2025-08-11T17:35:26.301Z"}
{"level":"info","message":{"ip":"::1","method":"GET","timestamp":"2025-08-11T17:36:21.999Z","url":"/api/users/with-messages","userAgent":"Mozilla/5.0 (iPhone; CPU iPhone OS 16_6 like Mac OS X) AppleWebKit/605.1.15 (KHTML, like Gecko) Version/16.6 Mobile/15E148 Safari/604.1 Edg/138.0.0.0"},"timestamp":"2025-08-11T17:36:21.999Z"}
{"level":"info","message":"📋 Getting users with last messages for: 22f47932-9259-4388-8331-ea6a480f478a","timestamp":"2025-08-11T17:36:22.002Z"}
{"level":"info","message":"✅ Retrieved 5 users with message data","timestamp":"2025-08-11T17:36:22.866Z"}
{"level":"info","message":{"duration":"868ms","method":"GET","statusCode":304,"timestamp":"2025-08-11T17:36:22.867Z","url":"/api/users/with-messages"},"timestamp":"2025-08-11T17:36:22.867Z"}
{"level":"info","message":{"ip":"::1","method":"GET","timestamp":"2025-08-11T17:38:07.606Z","url":"/api/users/with-messages","userAgent":"Mozilla/5.0 (iPhone; CPU iPhone OS 16_6 like Mac OS X) AppleWebKit/605.1.15 (KHTML, like Gecko) Version/16.6 Mobile/15E148 Safari/604.1 Edg/138.0.0.0"},"timestamp":"2025-08-11T17:38:07.606Z"}
{"level":"info","message":"📋 Getting users with last messages for: 22f47932-9259-4388-8331-ea6a480f478a","timestamp":"2025-08-11T17:38:07.608Z"}
{"level":"error","message":"❌ No token provided","timestamp":"2025-08-11T17:38:07.626Z"}
{"level":"info","message":"✅ Retrieved 5 users with message data","timestamp":"2025-08-11T17:38:08.298Z"}
{"level":"info","message":{"duration":"693ms","method":"GET","statusCode":304,"timestamp":"2025-08-11T17:38:08.299Z","url":"/api/users/with-messages"},"timestamp":"2025-08-11T17:38:08.299Z"}
{"level":"info","message":{"ip":"::1","method":"GET","timestamp":"2025-08-11T17:38:08.454Z","url":"/api/chat/messages/29412141-4a70-4361-b407-073e70d6b705","userAgent":"Mozilla/5.0 (iPhone; CPU iPhone OS 16_6 like Mac OS X) AppleWebKit/605.1.15 (KHTML, like Gecko) Version/16.6 Mobile/15E148 Safari/604.1 Edg/138.0.0.0"},"timestamp":"2025-08-11T17:38:08.454Z"}
{"level":"info","message":"📥 Getting messages between users 22f47932-9259-4388-8331-ea6a480f478a and 29412141-4a70-4361-b407-073e70d6b705","timestamp":"2025-08-11T17:38:08.456Z"}
{"level":"info","message":"✅ Retrieved 14 messages for conversation","timestamp":"2025-08-11T17:38:08.686Z"}
{"level":"info","message":{"duration":"233ms","method":"GET","statusCode":304,"timestamp":"2025-08-11T17:38:08.687Z","url":"/api/chat/messages/29412141-4a70-4361-b407-073e70d6b705"},"timestamp":"2025-08-11T17:38:08.687Z"}
{"level":"info","message":{"ip":"::1","method":"POST","timestamp":"2025-08-11T17:44:45.627Z","url":"/api/auth/login","userAgent":"Mozilla/5.0 (iPhone; CPU iPhone OS 16_6 like Mac OS X) AppleWebKit/605.1.15 (KHTML, like Gecko) Version/16.6 Mobile/15E148 Safari/604.1 Edg/138.0.0.0"},"timestamp":"2025-08-11T17:44:45.627Z"}
{"level":"info","message":{"duration":"1409ms","method":"POST","statusCode":200,"timestamp":"2025-08-11T17:44:47.036Z","url":"/api/auth/login"},"timestamp":"2025-08-11T17:44:47.036Z"}
{"level":"info","message":{"ip":"::1","method":"GET","timestamp":"2025-08-11T17:44:48.692Z","url":"/api/users/with-messages","userAgent":"Mozilla/5.0 (iPhone; CPU iPhone OS 16_6 like Mac OS X) AppleWebKit/605.1.15 (KHTML, like Gecko) Version/16.6 Mobile/15E148 Safari/604.1 Edg/138.0.0.0"},"timestamp":"2025-08-11T17:44:48.692Z"}
{"level":"info","message":"📋 Getting users with last messages for: 22f47932-9259-4388-8331-ea6a480f478a","timestamp":"2025-08-11T17:44:48.695Z"}
{"level":"info","message":"✅ Retrieved 5 users with message data","timestamp":"2025-08-11T17:44:49.494Z"}
{"level":"info","message":{"duration":"803ms","method":"GET","statusCode":304,"timestamp":"2025-08-11T17:44:49.495Z","url":"/api/users/with-messages"},"timestamp":"2025-08-11T17:44:49.495Z"}
{"level":"info","message":{"ip":"::1","method":"GET","timestamp":"2025-08-11T17:44:49.623Z","url":"/api/chat/messages/29412141-4a70-4361-b407-073e70d6b705","userAgent":"Mozilla/5.0 (iPhone; CPU iPhone OS 16_6 like Mac OS X) AppleWebKit/605.1.15 (KHTML, like Gecko) Version/16.6 Mobile/15E148 Safari/604.1 Edg/138.0.0.0"},"timestamp":"2025-08-11T17:44:49.623Z"}
{"level":"info","message":"📥 Getting messages between users 22f47932-9259-4388-8331-ea6a480f478a and 29412141-4a70-4361-b407-073e70d6b705","timestamp":"2025-08-11T17:44:49.626Z"}
{"level":"info","message":"✅ Retrieved 14 messages for conversation","timestamp":"2025-08-11T17:44:49.793Z"}
{"level":"info","message":{"duration":"171ms","method":"GET","statusCode":304,"timestamp":"2025-08-11T17:44:49.794Z","url":"/api/chat/messages/29412141-4a70-4361-b407-073e70d6b705"},"timestamp":"2025-08-11T17:44:49.794Z"}
{"level":"info","message":{"ip":"::1","method":"GET","timestamp":"2025-08-11T17:45:31.961Z","url":"/api/users/with-messages","userAgent":"Mozilla/5.0 (iPhone; CPU iPhone OS 16_6 like Mac OS X) AppleWebKit/605.1.15 (KHTML, like Gecko) Version/16.6 Mobile/15E148 Safari/604.1 Edg/138.0.0.0"},"timestamp":"2025-08-11T17:45:31.961Z"}
{"level":"info","message":"📋 Getting users with last messages for: 22f47932-9259-4388-8331-ea6a480f478a","timestamp":"2025-08-11T17:45:31.964Z"}
{"level":"info","message":"✅ Retrieved 5 users with message data","timestamp":"2025-08-11T17:45:32.548Z"}
{"level":"info","message":{"duration":"588ms","method":"GET","statusCode":304,"timestamp":"2025-08-11T17:45:32.549Z","url":"/api/users/with-messages"},"timestamp":"2025-08-11T17:45:32.549Z"}
{"level":"info","message":{"ip":"::1","method":"GET","timestamp":"2025-08-11T17:45:32.682Z","url":"/api/chat/messages/29412141-4a70-4361-b407-073e70d6b705","userAgent":"Mozilla/5.0 (iPhone; CPU iPhone OS 16_6 like Mac OS X) AppleWebKit/605.1.15 (KHTML, like Gecko) Version/16.6 Mobile/15E148 Safari/604.1 Edg/138.0.0.0"},"timestamp":"2025-08-11T17:45:32.682Z"}
{"level":"info","message":"📥 Getting messages between users 22f47932-9259-4388-8331-ea6a480f478a and 29412141-4a70-4361-b407-073e70d6b705","timestamp":"2025-08-11T17:45:32.684Z"}
{"level":"info","message":"✅ Retrieved 14 messages for conversation","timestamp":"2025-08-11T17:45:32.896Z"}
{"level":"info","message":{"duration":"215ms","method":"GET","statusCode":304,"timestamp":"2025-08-11T17:45:32.897Z","url":"/api/chat/messages/29412141-4a70-4361-b407-073e70d6b705"},"timestamp":"2025-08-11T17:45:32.897Z"}
{"hasSupabaseKey":true,"hasSupabaseUrl":true,"level":"info","message":"🚀 Starting server...","nodeEnv":"development","port":"5000","timestamp":"2025-08-13T10:34:28.414Z"}
{"level":"info","message":"🔌 Initializing Socket.IO...","timestamp":"2025-08-13T10:34:29.303Z"}
{"environment":"development","level":"info","message":"✅ Server running successfully on port 5000","timestamp":"2025-08-13T10:34:29.307Z"}
{"level":"info","message":{"ip":"::1","method":"POST","timestamp":"2025-08-13T10:36:04.071Z","url":"/api/auth/login","userAgent":"Mozilla/5.0 (Windows NT 10.0; Win64; x64) AppleWebKit/537.36 (KHTML, like Gecko) Chrome/138.0.0.0 Safari/537.36 Edg/138.0.0.0"},"timestamp":"2025-08-13T10:36:04.071Z"}
{"level":"info","message":{"duration":"2347ms","method":"POST","statusCode":200,"timestamp":"2025-08-13T10:36:06.418Z","url":"/api/auth/login"},"timestamp":"2025-08-13T10:36:06.418Z"}
{"level":"info","message":"✅ User authenticated: Urvi3 (ID: 22)","timestamp":"2025-08-13T10:36:06.489Z"}
{"level":"info","message":"🔌 New connection: rL2gh4VUJAYiZYmHAAAB","timestamp":"2025-08-13T10:36:06.491Z"}
{"level":"info","message":"👤 User connected: Urvi3 (ID: 22)","timestamp":"2025-08-13T10:36:06.491Z"}
{"level":"info","message":"📊 Online users: 22","timestamp":"2025-08-13T10:36:06.491Z"}
{"0":"test","level":"info","message":"🔔 Socket event from Urvi3: ping","timestamp":"2025-08-13T10:36:06.493Z"}
{"level":"info","message":"🏓 Ping received from Urvi3: test","timestamp":"2025-08-13T10:36:06.493Z"}
{"level":"info","message":{"ip":"::1","method":"GET","timestamp":"2025-08-13T10:36:08.219Z","url":"/api/users","userAgent":"Mozilla/5.0 (Windows NT 10.0; Win64; x64) AppleWebKit/537.36 (KHTML, like Gecko) Chrome/138.0.0.0 Safari/537.36 Edg/138.0.0.0"},"timestamp":"2025-08-13T10:36:08.219Z"}
{"level":"info","message":"📋 Getting all users except: 22f47932-9259-4388-8331-ea6a480f478a","timestamp":"2025-08-13T10:36:08.221Z"}
{"level":"info","message":"✅ Retrieved 5 users","timestamp":"2025-08-13T10:36:08.420Z"}
{"level":"info","message":{"duration":"203ms","method":"GET","statusCode":304,"timestamp":"2025-08-13T10:36:08.422Z","url":"/api/users"},"timestamp":"2025-08-13T10:36:08.422Z"}
{"level":"info","message":{"ip":"::1","method":"GET","timestamp":"2025-08-13T10:36:08.425Z","url":"/api/users","userAgent":"Mozilla/5.0 (Windows NT 10.0; Win64; x64) AppleWebKit/537.36 (KHTML, like Gecko) Chrome/138.0.0.0 Safari/537.36 Edg/138.0.0.0"},"timestamp":"2025-08-13T10:36:08.425Z"}
{"level":"info","message":"📋 Getting all users except: 22f47932-9259-4388-8331-ea6a480f478a","timestamp":"2025-08-13T10:36:08.429Z"}
{"level":"info","message":"✅ Retrieved 5 users","timestamp":"2025-08-13T10:36:08.701Z"}
{"level":"info","message":{"duration":"278ms","method":"GET","statusCode":304,"timestamp":"2025-08-13T10:36:08.703Z","url":"/api/users"},"timestamp":"2025-08-13T10:36:08.703Z"}
{"level":"info","message":{"ip":"::1","method":"GET","timestamp":"2025-08-13T10:36:09.978Z","url":"/api/chat/messages/588e0907-2b58-43a1-bd86-7f7b57f4fa1a","userAgent":"Mozilla/5.0 (Windows NT 10.0; Win64; x64) AppleWebKit/537.36 (KHTML, like Gecko) Chrome/138.0.0.0 Safari/537.36 Edg/138.0.0.0"},"timestamp":"2025-08-13T10:36:09.978Z"}
{"level":"info","message":"📥 Getting messages between users 22f47932-9259-4388-8331-ea6a480f478a and 588e0907-2b58-43a1-bd86-7f7b57f4fa1a","timestamp":"2025-08-13T10:36:09.982Z"}
{"level":"info","message":{"ip":"::1","method":"GET","timestamp":"2025-08-13T10:36:09.985Z","url":"/api/chat/messages/037b9421-1b3b-44c1-84a3-6cec938f75bf","userAgent":"Mozilla/5.0 (Windows NT 10.0; Win64; x64) AppleWebKit/537.36 (KHTML, like Gecko) Chrome/138.0.0.0 Safari/537.36 Edg/138.0.0.0"},"timestamp":"2025-08-13T10:36:09.985Z"}
{"level":"info","message":"📥 Getting messages between users 22f47932-9259-4388-8331-ea6a480f478a and 037b9421-1b3b-44c1-84a3-6cec938f75bf","timestamp":"2025-08-13T10:36:09.988Z"}
{"level":"info","message":{"ip":"::1","method":"GET","timestamp":"2025-08-13T10:36:09.990Z","url":"/api/chat/messages/71b54f5e-4300-4701-af52-9ad9915b3cc9","userAgent":"Mozilla/5.0 (Windows NT 10.0; Win64; x64) AppleWebKit/537.36 (KHTML, like Gecko) Chrome/138.0.0.0 Safari/537.36 Edg/138.0.0.0"},"timestamp":"2025-08-13T10:36:09.990Z"}
{"level":"info","message":"📥 Getting messages between users 22f47932-9259-4388-8331-ea6a480f478a and 71b54f5e-4300-4701-af52-9ad9915b3cc9","timestamp":"2025-08-13T10:36:09.993Z"}
{"level":"info","message":"✅ Retrieved 21 messages for conversation","timestamp":"2025-08-13T10:36:10.357Z"}
{"level":"info","message":{"duration":"375ms","method":"GET","statusCode":304,"timestamp":"2025-08-13T10:36:10.360Z","url":"/api/chat/messages/037b9421-1b3b-44c1-84a3-6cec938f75bf"},"timestamp":"2025-08-13T10:36:10.361Z"}
{"level":"info","message":"✅ Retrieved 30 messages for conversation","timestamp":"2025-08-13T10:36:10.469Z"}
{"level":"info","message":{"duration":"494ms","method":"GET","statusCode":304,"timestamp":"2025-08-13T10:36:10.472Z","url":"/api/chat/messages/588e0907-2b58-43a1-bd86-7f7b57f4fa1a"},"timestamp":"2025-08-13T10:36:10.472Z"}
{"level":"info","message":"✅ Retrieved 0 messages for conversation","timestamp":"2025-08-13T10:36:10.705Z"}
{"level":"info","message":{"duration":"718ms","method":"GET","statusCode":304,"timestamp":"2025-08-13T10:36:10.708Z","url":"/api/chat/messages/71b54f5e-4300-4701-af52-9ad9915b3cc9"},"timestamp":"2025-08-13T10:36:10.709Z"}
{"level":"info","message":{"ip":"::1","method":"GET","timestamp":"2025-08-13T10:36:11.005Z","url":"/api/chat/messages/7c18f286-5e15-41a3-90dd-19d93b758848","userAgent":"Mozilla/5.0 (Windows NT 10.0; Win64; x64) AppleWebKit/537.36 (KHTML, like Gecko) Chrome/138.0.0.0 Safari/537.36 Edg/138.0.0.0"},"timestamp":"2025-08-13T10:36:11.005Z"}
{"level":"info","message":"📥 Getting messages between users 22f47932-9259-4388-8331-ea6a480f478a and 7c18f286-5e15-41a3-90dd-19d93b758848","timestamp":"2025-08-13T10:36:11.010Z"}
{"level":"info","message":{"ip":"::1","method":"GET","timestamp":"2025-08-13T10:36:11.012Z","url":"/api/chat/messages/29412141-4a70-4361-b407-073e70d6b705","userAgent":"Mozilla/5.0 (Windows NT 10.0; Win64; x64) AppleWebKit/537.36 (KHTML, like Gecko) Chrome/138.0.0.0 Safari/537.36 Edg/138.0.0.0"},"timestamp":"2025-08-13T10:36:11.012Z"}
{"level":"info","message":"📥 Getting messages between users 22f47932-9259-4388-8331-ea6a480f478a and 29412141-4a70-4361-b407-073e70d6b705","timestamp":"2025-08-13T10:36:11.015Z"}
{"level":"info","message":"✅ Retrieved 0 messages for conversation","timestamp":"2025-08-13T10:36:11.359Z"}
{"level":"info","message":{"duration":"357ms","method":"GET","statusCode":304,"timestamp":"2025-08-13T10:36:11.362Z","url":"/api/chat/messages/7c18f286-5e15-41a3-90dd-19d93b758848"},"timestamp":"2025-08-13T10:36:11.362Z"}
{"level":"info","message":"✅ Retrieved 14 messages for conversation","timestamp":"2025-08-13T10:36:11.463Z"}
{"level":"info","message":{"duration":"454ms","method":"GET","statusCode":304,"timestamp":"2025-08-13T10:36:11.467Z","url":"/api/chat/messages/29412141-4a70-4361-b407-073e70d6b705"},"timestamp":"2025-08-13T10:36:11.467Z"}
{"level":"info","message":{"ip":"::1","method":"GET","timestamp":"2025-08-13T10:36:20.540Z","url":"/api/chat/messages/588e0907-2b58-43a1-bd86-7f7b57f4fa1a","userAgent":"Mozilla/5.0 (Windows NT 10.0; Win64; x64) AppleWebKit/537.36 (KHTML, like Gecko) Chrome/138.0.0.0 Safari/537.36 Edg/138.0.0.0"},"timestamp":"2025-08-13T10:36:20.540Z"}
{"level":"info","message":"📥 Getting messages between users 22f47932-9259-4388-8331-ea6a480f478a and 588e0907-2b58-43a1-bd86-7f7b57f4fa1a","timestamp":"2025-08-13T10:36:20.542Z"}
{"level":"info","message":"✅ Retrieved 30 messages for conversation","timestamp":"2025-08-13T10:36:20.842Z"}
{"level":"info","message":{"duration":"303ms","method":"GET","statusCode":304,"timestamp":"2025-08-13T10:36:20.843Z","url":"/api/chat/messages/588e0907-2b58-43a1-bd86-7f7b57f4fa1a"},"timestamp":"2025-08-13T10:36:20.843Z"}
{"level":"info","message":{"ip":"::1","method":"POST","timestamp":"2025-08-13T10:54:20.616Z","url":"/api/auth/logout","userAgent":"Mozilla/5.0 (Windows NT 10.0; Win64; x64) AppleWebKit/537.36 (KHTML, like Gecko) Chrome/138.0.0.0 Safari/537.36 Edg/138.0.0.0"},"timestamp":"2025-08-13T10:54:20.616Z"}
{"level":"info","message":{"duration":"3ms","method":"POST","statusCode":403,"timestamp":"2025-08-13T10:54:20.619Z","url":"/api/auth/logout"},"timestamp":"2025-08-13T10:54:20.619Z"}
{"level":"info","message":"🔌 User disconnected: Urvi3 (22)","timestamp":"2025-08-13T10:54:20.655Z"}
{"level":"info","message":"📊 Remaining online users: ","timestamp":"2025-08-13T10:54:20.656Z"}
{"level":"info","message":{"ip":"::1","method":"POST","timestamp":"2025-08-13T12:45:11.214Z","url":"/api/auth/login","userAgent":"Mozilla/5.0 (iPhone; CPU iPhone OS 16_6 like Mac OS X) AppleWebKit/605.1.15 (KHTML, like Gecko) Version/16.6 Mobile/15E148 Safari/604.1 Edg/138.0.0.0"},"timestamp":"2025-08-13T12:45:11.215Z"}
{"level":"info","message":{"duration":"2466ms","method":"POST","statusCode":200,"timestamp":"2025-08-13T12:45:13.681Z","url":"/api/auth/login"},"timestamp":"2025-08-13T12:45:13.681Z"}
{"level":"info","message":{"ip":"::1","method":"GET","timestamp":"2025-08-13T12:45:13.748Z","url":"/api/users/with-messages","userAgent":"Mozilla/5.0 (iPhone; CPU iPhone OS 16_6 like Mac OS X) AppleWebKit/605.1.15 (KHTML, like Gecko) Version/16.6 Mobile/15E148 Safari/604.1 Edg/138.0.0.0"},"timestamp":"2025-08-13T12:45:13.748Z"}
{"level":"info","message":"📋 Getting users with last messages for: 22f47932-9259-4388-8331-ea6a480f478a","timestamp":"2025-08-13T12:45:13.756Z"}
{"level":"info","message":"✅ Retrieved 5 users with message data","timestamp":"2025-08-13T12:45:14.554Z"}
{"level":"info","message":{"duration":"808ms","method":"GET","statusCode":304,"timestamp":"2025-08-13T12:45:14.556Z","url":"/api/users/with-messages"},"timestamp":"2025-08-13T12:45:14.556Z"}
{"level":"info","message":{"ip":"::1","method":"GET","timestamp":"2025-08-13T12:45:17.760Z","url":"/api/users/with-messages","userAgent":"Mozilla/5.0 (iPhone; CPU iPhone OS 16_6 like Mac OS X) AppleWebKit/605.1.15 (KHTML, like Gecko) Version/16.6 Mobile/15E148 Safari/604.1 Edg/138.0.0.0"},"timestamp":"2025-08-13T12:45:17.760Z"}
{"level":"info","message":"📋 Getting users with last messages for: 22f47932-9259-4388-8331-ea6a480f478a","timestamp":"2025-08-13T12:45:17.763Z"}
{"level":"error","message":"❌ No token provided","timestamp":"2025-08-13T12:45:17.800Z"}
{"level":"info","message":"✅ Retrieved 5 users with message data","timestamp":"2025-08-13T12:45:18.179Z"}
{"level":"info","message":{"duration":"420ms","method":"GET","statusCode":304,"timestamp":"2025-08-13T12:45:18.180Z","url":"/api/users/with-messages"},"timestamp":"2025-08-13T12:45:18.180Z"}
{"level":"info","message":{"ip":"::1","method":"GET","timestamp":"2025-08-13T12:45:18.328Z","url":"/api/chat/messages/29412141-4a70-4361-b407-073e70d6b705","userAgent":"Mozilla/5.0 (iPhone; CPU iPhone OS 16_6 like Mac OS X) AppleWebKit/605.1.15 (KHTML, like Gecko) Version/16.6 Mobile/15E148 Safari/604.1 Edg/138.0.0.0"},"timestamp":"2025-08-13T12:45:18.328Z"}
{"level":"info","message":"📥 Getting messages between users 22f47932-9259-4388-8331-ea6a480f478a and 29412141-4a70-4361-b407-073e70d6b705","timestamp":"2025-08-13T12:45:18.332Z"}
{"level":"info","message":"✅ Retrieved 14 messages for conversation","timestamp":"2025-08-13T12:45:18.529Z"}
{"level":"info","message":{"duration":"202ms","method":"GET","statusCode":304,"timestamp":"2025-08-13T12:45:18.530Z","url":"/api/chat/messages/29412141-4a70-4361-b407-073e70d6b705"},"timestamp":"2025-08-13T12:45:18.530Z"}
{"level":"info","message":{"ip":"::1","method":"POST","timestamp":"2025-08-13T12:45:27.361Z","url":"/api/chat/messages/29412141-4a70-4361-b407-073e70d6b705","userAgent":"Mozilla/5.0 (iPhone; CPU iPhone OS 16_6 like Mac OS X) AppleWebKit/605.1.15 (KHTML, like Gecko) Version/16.6 Mobile/15E148 Safari/604.1 Edg/138.0.0.0"},"timestamp":"2025-08-13T12:45:27.361Z"}
{"level":"info","message":"📤 Sending message from 22f47932-9259-4388-8331-ea6a480f478a to 29412141-4a70-4361-b407-073e70d6b705","timestamp":"2025-08-13T12:45:27.364Z"}
{"level":"info","message":"✅ Message created with ID: e9c04e17-52f2-4200-9241-ec0c5bc4794a","timestamp":"2025-08-13T12:45:27.672Z"}
{"level":"info","message":{"duration":"313ms","method":"POST","statusCode":201,"timestamp":"2025-08-13T12:45:27.674Z","url":"/api/chat/messages/29412141-4a70-4361-b407-073e70d6b705"},"timestamp":"2025-08-13T12:45:27.675Z"}
{"hasSupabaseKey":true,"hasSupabaseUrl":true,"level":"info","message":"🚀 Starting server...","nodeEnv":"development","port":"5000","timestamp":"2025-08-13T14:01:58.034Z"}
{"level":"info","message":"🔌 Initializing Socket.IO...","timestamp":"2025-08-13T14:01:58.971Z"}
{"environment":"development","level":"info","message":"✅ Server running successfully on port 5000","timestamp":"2025-08-13T14:01:58.976Z"}
{"hasSupabaseKey":true,"hasSupabaseUrl":true,"level":"info","message":"🚀 Starting server...","nodeEnv":"development","port":"5000","timestamp":"2025-08-13T14:04:47.373Z"}
{"level":"info","message":"🔌 Initializing Socket.IO...","timestamp":"2025-08-13T14:04:48.540Z"}
{"environment":"development","level":"info","message":"✅ Server running successfully on port 5000","timestamp":"2025-08-13T14:04:48.550Z"}
{"hasSupabaseKey":true,"hasSupabaseUrl":true,"level":"info","message":"🚀 Starting server...","nodeEnv":"development","port":"5000","timestamp":"2025-08-13T14:13:58.379Z"}
{"level":"info","message":"🔌 Initializing Socket.IO...","timestamp":"2025-08-13T14:13:59.165Z"}
{"environment":"development","level":"info","message":"✅ Server running successfully on port 5000","timestamp":"2025-08-13T14:13:59.171Z"}
{"hasSupabaseKey":true,"hasSupabaseUrl":true,"level":"info","message":"🚀 Starting server...","nodeEnv":"development","port":"5000","timestamp":"2025-08-13T14:13:59.670Z"}
{"level":"info","message":"🔌 Initializing Socket.IO...","timestamp":"2025-08-13T14:14:00.739Z"}
{"environment":"development","level":"info","message":"✅ Server running successfully on port 5000","timestamp":"2025-08-13T14:14:00.759Z"}
{"hasSupabaseKey":true,"hasSupabaseUrl":true,"level":"info","message":"🚀 Starting server...","nodeEnv":"development","port":"5000","timestamp":"2025-08-14T06:23:37.340Z"}
{"level":"info","message":"🔌 Initializing Socket.IO...","timestamp":"2025-08-14T06:23:42.621Z"}
{"environment":"development","level":"info","message":"✅ Server running successfully on port 5000","timestamp":"2025-08-14T06:23:42.632Z"}
{"level":"info","message":{"ip":"::1","method":"POST","timestamp":"2025-08-14T09:16:37.753Z","url":"/api/auth/google","userAgent":"Mozilla/5.0 (iPhone; CPU iPhone OS 16_6 like Mac OS X) AppleWebKit/605.1.15 (KHTML, like Gecko) Version/16.6 Mobile/15E148 Safari/604.1 Edg/138.0.0.0"},"timestamp":"2025-08-14T09:16:37.757Z"}
{"code":"PGRST116","details":"The result contains 0 rows","hint":null,"level":"error","message":"Google authentication error: Cannot coerce the result to a single JSON object","timestamp":"2025-08-14T09:16:39.722Z"}
{"ip":"::1","level":"error","message":"Cannot coerce the result to a single JSON object","method":"POST","timestamp":"2025-08-14T09:16:39.726Z","url":"/api/auth/google","user":"anonymous"}
{"level":"info","message":{"duration":"1975ms","method":"POST","statusCode":500,"timestamp":"2025-08-14T09:16:39.727Z","url":"/api/auth/google"},"timestamp":"2025-08-14T09:16:39.727Z"}
{"level":"info","message":{"ip":"::1","method":"POST","timestamp":"2025-08-14T09:17:43.781Z","url":"/api/auth/google","userAgent":"Mozilla/5.0 (iPhone; CPU iPhone OS 16_6 like Mac OS X) AppleWebKit/605.1.15 (KHTML, like Gecko) Version/16.6 Mobile/15E148 Safari/604.1 Edg/138.0.0.0"},"timestamp":"2025-08-14T09:17:43.781Z"}
{"code":"PGRST116","details":"The result contains 0 rows","hint":null,"level":"error","message":"Google authentication error: Cannot coerce the result to a single JSON object","timestamp":"2025-08-14T09:17:44.403Z"}
{"ip":"::1","level":"error","message":"Cannot coerce the result to a single JSON object","method":"POST","timestamp":"2025-08-14T09:17:44.408Z","url":"/api/auth/google","user":"anonymous"}
{"level":"info","message":{"duration":"630ms","method":"POST","statusCode":500,"timestamp":"2025-08-14T09:17:44.410Z","url":"/api/auth/google"},"timestamp":"2025-08-14T09:17:44.411Z"}
{"hasSupabaseKey":true,"hasSupabaseUrl":true,"level":"info","message":"🚀 Starting server...","nodeEnv":"development","port":"5000","timestamp":"2025-08-14T09:20:26.598Z"}
{"level":"info","message":"🔌 Initializing Socket.IO...","timestamp":"2025-08-14T09:20:26.943Z"}
{"environment":"development","level":"info","message":"✅ Server running successfully on port 5000","timestamp":"2025-08-14T09:20:26.946Z"}
{"level":"info","message":{"ip":"::1","method":"POST","timestamp":"2025-08-14T09:20:36.106Z","url":"/api/auth/google","userAgent":"Mozilla/5.0 (iPhone; CPU iPhone OS 16_6 like Mac OS X) AppleWebKit/605.1.15 (KHTML, like Gecko) Version/16.6 Mobile/15E148 Safari/604.1 Edg/138.0.0.0"},"timestamp":"2025-08-14T09:20:36.106Z"}
{"code":"PGRST116","details":"The result contains 0 rows","hint":null,"level":"error","message":"Google authentication error: Cannot coerce the result to a single JSON object","timestamp":"2025-08-14T09:20:36.888Z"}
{"ip":"::1","level":"error","message":"Cannot coerce the result to a single JSON object","method":"POST","timestamp":"2025-08-14T09:20:36.895Z","url":"/api/auth/google","user":"anonymous"}
{"level":"info","message":{"duration":"791ms","method":"POST","statusCode":500,"timestamp":"2025-08-14T09:20:36.897Z","url":"/api/auth/google"},"timestamp":"2025-08-14T09:20:36.897Z"}
{"hasSupabaseKey":true,"hasSupabaseUrl":true,"level":"info","message":"🚀 Starting server...","nodeEnv":"development","port":"5000","timestamp":"2025-08-14T09:22:46.529Z"}
{"level":"info","message":"🔌 Initializing Socket.IO...","timestamp":"2025-08-14T09:22:47.197Z"}
{"environment":"development","level":"info","message":"✅ Server running successfully on port 5000","timestamp":"2025-08-14T09:22:47.203Z"}
{"hasSupabaseKey":true,"hasSupabaseUrl":true,"level":"info","message":"🚀 Starting server...","nodeEnv":"development","port":"5001","timestamp":"2025-08-14T09:25:37.585Z"}
{"level":"info","message":"🔌 Initializing Socket.IO...","timestamp":"2025-08-14T09:25:37.972Z"}
{"environment":"development","level":"info","message":"✅ Server running successfully on port 5001","timestamp":"2025-08-14T09:25:37.975Z"}
{"hasSupabaseKey":true,"hasSupabaseUrl":true,"level":"info","message":"🚀 Starting server...","nodeEnv":"development","port":"5000","timestamp":"2025-08-14T09:57:54.464Z"}
{"level":"info","message":"🔌 Initializing Socket.IO...","timestamp":"2025-08-14T09:57:54.914Z"}
{"environment":"development","level":"info","message":"✅ Server running successfully on port 5000","timestamp":"2025-08-14T09:57:54.918Z"}
{"level":"info","message":{"ip":"::1","method":"GET","timestamp":"2025-08-14T09:58:51.327Z","url":"/api/auth/test","userAgent":"Mozilla/5.0 (Windows NT; Windows NT 10.0; en-US) WindowsPowerShell/5.1.26100.4768"},"timestamp":"2025-08-14T09:58:51.327Z"}
{"level":"info","message":{"duration":"5ms","method":"GET","statusCode":200,"timestamp":"2025-08-14T09:58:51.332Z","url":"/api/auth/test"},"timestamp":"2025-08-14T09:58:51.332Z"}
{"level":"info","message":{"ip":"::1","method":"GET","timestamp":"2025-08-14T09:59:18.751Z","url":"/api/auth/google/demo","userAgent":"Mozilla/5.0 (Windows NT; Windows NT 10.0; en-US) WindowsPowerShell/5.1.26100.4768"},"timestamp":"2025-08-14T09:59:18.751Z"}
{"level":"info","message":{"duration":"2ms","method":"GET","statusCode":200,"timestamp":"2025-08-14T09:59:18.753Z","url":"/api/auth/google/demo"},"timestamp":"2025-08-14T09:59:18.753Z"}
{"level":"info","message":{"ip":"::1","method":"POST","timestamp":"2025-08-14T09:59:38.349Z","url":"/api/auth/google","userAgent":"Mozilla/5.0 (Windows NT; Windows NT 10.0; en-US) WindowsPowerShell/5.1.26100.4768"},"timestamp":"2025-08-14T09:59:38.349Z"}
{"code":"PGRST116","details":"The result contains 0 rows","hint":null,"level":"error","message":"Google authentication error: Cannot coerce the result to a single JSON object","timestamp":"2025-08-14T09:59:40.353Z"}
{"ip":"::1","level":"error","message":"Cannot coerce the result to a single JSON object","method":"POST","timestamp":"2025-08-14T09:59:40.355Z","url":"/api/auth/google","user":"anonymous"}
{"level":"info","message":{"duration":"2007ms","method":"POST","statusCode":500,"timestamp":"2025-08-14T09:59:40.356Z","url":"/api/auth/google"},"timestamp":"2025-08-14T09:59:40.356Z"}
{"level":"info","message":{"ip":"::1","method":"POST","timestamp":"2025-08-14T10:03:43.195Z","url":"/api/auth/google","userAgent":"Mozilla/5.0 (Windows NT; Windows NT 10.0; en-US) WindowsPowerShell/5.1.26100.4768"},"timestamp":"2025-08-14T10:03:43.195Z"}
{"code":"PGRST116","details":"The result contains 0 rows","hint":null,"level":"error","message":"Google authentication error: Cannot coerce the result to a single JSON object","timestamp":"2025-08-14T10:03:44.764Z"}
{"ip":"::1","level":"error","message":"Cannot coerce the result to a single JSON object","method":"POST","timestamp":"2025-08-14T10:03:44.766Z","url":"/api/auth/google","user":"anonymous"}
{"level":"info","message":{"duration":"1572ms","method":"POST","statusCode":500,"timestamp":"2025-08-14T10:03:44.767Z","url":"/api/auth/google"},"timestamp":"2025-08-14T10:03:44.768Z"}
{"level":"info","message":{"ip":"::1","method":"POST","timestamp":"2025-08-14T10:04:59.737Z","url":"/api/auth/google/test","userAgent":"Mozilla/5.0 (Windows NT; Windows NT 10.0; en-US) WindowsPowerShell/5.1.26100.4768"},"timestamp":"2025-08-14T10:04:59.737Z"}
{"level":"info","message":{"duration":"3ms","method":"POST","statusCode":404,"timestamp":"2025-08-14T10:04:59.740Z","url":"/api/auth/google/test"},"timestamp":"2025-08-14T10:04:59.740Z"}
{"hasSupabaseKey":true,"hasSupabaseUrl":true,"level":"info","message":"🚀 Starting server...","nodeEnv":"development","port":"5000","timestamp":"2025-08-14T10:06:02.368Z"}
{"level":"info","message":"🔌 Initializing Socket.IO...","timestamp":"2025-08-14T10:06:02.820Z"}
{"environment":"development","level":"info","message":"✅ Server running successfully on port 5000","timestamp":"2025-08-14T10:06:02.824Z"}
{"hasSupabaseKey":true,"hasSupabaseUrl":true,"level":"info","message":"🚀 Starting server...","nodeEnv":"development","port":"5000","timestamp":"2025-08-14T10:46:33.280Z"}
{"level":"info","message":"🔌 Initializing Socket.IO...","timestamp":"2025-08-14T10:46:33.621Z"}
{"environment":"development","level":"info","message":"✅ Server running successfully on port 5000","timestamp":"2025-08-14T10:46:33.625Z"}
{"level":"info","message":{"ip":"::1","method":"POST","timestamp":"2025-08-14T10:47:15.284Z","url":"/api/auth/register","userAgent":"Mozilla/5.0 (Windows NT; Windows NT 10.0; en-US) WindowsPowerShell/5.1.26100.4768"},"timestamp":"2025-08-14T10:47:15.284Z"}
{"level":"info","message":{"duration":"1671ms","method":"POST","statusCode":201,"timestamp":"2025-08-14T10:47:16.954Z","url":"/api/auth/register"},"timestamp":"2025-08-14T10:47:16.954Z"}
{"level":"info","message":{"ip":"::1","method":"POST","timestamp":"2025-08-14T10:51:28.553Z","url":"/api/auth/login","userAgent":"Mozilla/5.0 (iPhone; CPU iPhone OS 16_6 like Mac OS X) AppleWebKit/605.1.15 (KHTML, like Gecko) Version/16.6 Mobile/15E148 Safari/604.1 Edg/138.0.0.0"},"timestamp":"2025-08-14T10:51:28.553Z"}
{"level":"info","message":{"duration":"1517ms","method":"POST","statusCode":200,"timestamp":"2025-08-14T10:51:30.070Z","url":"/api/auth/login"},"timestamp":"2025-08-14T10:51:30.071Z"}
{"level":"info","message":{"ip":"::1","method":"GET","timestamp":"2025-08-14T10:51:30.125Z","url":"/api/users/with-messages","userAgent":"Mozilla/5.0 (iPhone; CPU iPhone OS 16_6 like Mac OS X) AppleWebKit/605.1.15 (KHTML, like Gecko) Version/16.6 Mobile/15E148 Safari/604.1 Edg/138.0.0.0"},"timestamp":"2025-08-14T10:51:30.125Z"}
{"level":"info","message":"📋 Getting users with last messages for: 22f47932-9259-4388-8331-ea6a480f478a","timestamp":"2025-08-14T10:51:30.130Z"}
{"level":"info","message":"✅ Retrieved 6 users with message data","timestamp":"2025-08-14T10:51:31.929Z"}
{"level":"info","message":{"duration":"1807ms","method":"GET","statusCode":200,"timestamp":"2025-08-14T10:51:31.932Z","url":"/api/users/with-messages"},"timestamp":"2025-08-14T10:51:31.932Z"}
